#
# There is insufficient memory for the Java Runtime Environment to continue.
# Native memory allocation (malloc) failed to allocate 2475696 bytes for Chunk::new
# Possible reasons:
#   The system is out of physical RAM or swap space
#   In 32 bit mode, the process size limit was hit
# Possible solutions:
#   Reduce memory load on the system
#   Increase physical memory or swap space
#   Check if swap backing store is full
#   Use 64 bit Java on a 64 bit OS
#   Decrease Java heap size (-Xmx/-Xms)
#   Decrease number of Java threads
#   Decrease Java thread stack sizes (-Xss)
#   Set larger code cache with -XX:ReservedCodeCacheSize=
# This output file may be truncated or incomplete.
#
#  Out of Memory Error (allocation.cpp:390), pid=6676, tid=0x0000000000002624
#
# JRE version: Java(TM) SE Runtime Environment (8.0_101-b13) (build 1.8.0_101-b13)
# Java VM: Java HotSpot(TM) 64-Bit Server VM (25.101-b13 mixed mode windows-amd64 compressed oops)
# Failed to write core dump. Minidumps are not enabled by default on client versions of Windows
#

---------------  T H R E A D  ---------------

Current thread (0x0000000015991000):  JavaThread "C2 CompilerThread1" daemon [_thread_in_native, id=9764, stack(0x00000000170c0000,0x00000000171c0000)]

Stack: [0x00000000170c0000,0x00000000171c0000]
[error occurred during error reporting (printing stack bounds), id 0xc0000005]

Native frames: (J=compiled Java code, j=interpreted, Vv=VM code, C=native code)


Current CompileTask:
C2:  18412 5217       4       com.sun.beans.TypeResolver::resolve (37 bytes)


---------------  P R O C E S S  ---------------

Java Threads: ( => current thread )
  0x0000000018b25800 JavaThread "File lock request listener" [_thread_in_native, id=4372, stack(0x000000001d820000,0x000000001d920000)]
  0x00000000189cf800 JavaThread "Stdin handler" [_thread_blocked, id=13004, stack(0x0000000019db0000,0x0000000019eb0000)]
  0x00000000189cd800 JavaThread "Asynchronous log dispatcher for org.gradle.launcher.daemon.server.DefaultDaemonConnection@dc84b7d" [_thread_blocked, id=8048, stack(0x0000000019cb0000,0x0000000019db0000)]
  0x0000000018486000 JavaThread "Daemon worker" [_thread_in_vm, id=10136, stack(0x0000000019bb0000,0x0000000019cb0000)]
  0x0000000018489800 JavaThread "Cancel handler" [_thread_blocked, id=8652, stack(0x0000000019ab0000,0x0000000019bb0000)]
  0x00000000185aa800 JavaThread "Handler for socket connection from /127.0.0.1:62805 to /127.0.0.1:62807" [_thread_in_native, id=3868, stack(0x00000000199b0000,0x0000000019ab0000)]
  0x00000000185f9800 JavaThread "Daemon" [_thread_blocked, id=12236, stack(0x00000000198b0000,0x00000000199b0000)]
  0x00000000184fe800 JavaThread "Incoming local TCP Connector on port 62805" [_thread_in_native, id=10504, stack(0x00000000194d0000,0x00000000195d0000)]
  0x0000000018781000 JavaThread "pool-1-thread-1" [_thread_blocked, id=11180, stack(0x00000000193d0000,0x00000000194d0000)]
  0x00000000172f3800 JavaThread "Service Thread" daemon [_thread_blocked, id=12892, stack(0x00000000176c0000,0x00000000177c0000)]
  0x0000000015997800 JavaThread "C1 CompilerThread2" daemon [_thread_blocked, id=11668, stack(0x00000000171c0000,0x00000000172c0000)]
=>0x0000000015991000 JavaThread "C2 CompilerThread1" daemon [_thread_in_native, id=9764, stack(0x00000000170c0000,0x00000000171c0000)]
  0x000000001598e000 JavaThread "C2 CompilerThread0" daemon [_thread_in_native, id=11168, stack(0x0000000016fc0000,0x00000000170c0000)]
  0x000000001598c800 JavaThread "Attach Listener" daemon [_thread_blocked, id=12460, stack(0x0000000016ec0000,0x0000000016fc0000)]
  0x000000001598b000 JavaThread "Signal Dispatcher" daemon [_thread_blocked, id=6292, stack(0x0000000016dc0000,0x0000000016ec0000)]
  0x000000001597a800 JavaThread "Finalizer" daemon [_thread_blocked, id=1112, stack(0x0000000016be0000,0x0000000016ce0000)]
  0x00000000032b0000 JavaThread "Reference Handler" daemon [_thread_blocked, id=12736, stack(0x0000000016ae0000,0x0000000016be0000)]
  0x00000000030be000 JavaThread "main" [_thread_blocked, id=11028, stack(0x00000000030c0000,0x00000000031c0000)]

Other Threads:
  0x0000000015957800 VMThread [stack: 0x00000000169e0000,0x0000000016ae0000] [id=9624]
  0x00000000172f7000 WatcherThread [stack: 0x00000000177c0000,0x00000000178c0000] [id=9324]

VM state:not at safepoint (normal execution)

VM Mutex/Monitor currently owned by a thread: None

Heap:
 PSYoungGen      total 139776K, used 27123K [0x00000000eab00000, 0x00000000f6000000, 0x0000000100000000)
  eden space 125952K, 11% used [0x00000000eab00000,0x00000000eb945858,0x00000000f2600000)
  from space 13824K, 90% used [0x00000000f2600000,0x00000000f32374d0,0x00000000f3380000)
  to   space 15360K, 0% used [0x00000000f5100000,0x00000000f5100000,0x00000000f6000000)
 ParOldGen       total 105472K, used 18935K [0x00000000c0000000, 0x00000000c6700000, 0x00000000eab00000)
  object space 105472K, 17% used [0x00000000c0000000,0x00000000c127dcd8,0x00000000c6700000)
 Metaspace       used 42600K, capacity 43332K, committed 43520K, reserved 1087488K
  class space    used 5862K, capacity 6038K, committed 6144K, reserved 1048576K

Card table byte_map: [0x0000000012680000,0x0000000012890000] byte_map_base: 0x0000000012080000

Marking Bits: (ParMarkBitMap*) 0x000000006ff2a6d0
 Begin Bits: [0x0000000012df0000, 0x0000000013df0000)
 End Bits:   [0x0000000013df0000, 0x0000000014df0000)

Polling page: 0x0000000002ff0000

CodeCache: size=245760Kb used=18450Kb max_used=19653Kb free=227309Kb
 bounds [0x00000000032c0000, 0x0000000004610000, 0x00000000122c0000]
 total_blobs=5683 nmethods=4985 adapters=609
 compilation: enabled

Compilation events (10 events):
Event: 18.378 Thread 0x0000000015997800 5332       3       org.gradle.api.internal.project.taskfactory.AnnotationProcessingTaskFactory$Validator$1::<init> (20 bytes)
Event: 18.378 Thread 0x0000000015997800 nmethod 5332 0x00000000036495d0 code [0x0000000003649720, 0x0000000003649910]
Event: 18.381 Thread 0x0000000015997800 5334       3       org.objectweb.asm.MethodWriter::visitJumpInsn (390 bytes)
Event: 18.384 Thread 0x0000000015997800 nmethod 5334 0x0000000003696e10 code [0x00000000036970c0, 0x0000000003697f38]
Event: 18.384 Thread 0x000000001598e000 nmethod 5316 0x00000000035a2b10 code [0x00000000035a2d80, 0x00000000035a4760]
Event: 18.384 Thread 0x000000001598e000 5317       4       org.gradle.internal.reflect.MethodSet::add (44 bytes)
Event: 18.384 Thread 0x0000000015997800 5335       3       org.objectweb.asm.Label::a (83 bytes)
Event: 18.385 Thread 0x0000000015997800 nmethod 5335 0x00000000033fe390 code [0x00000000033fe560, 0x00000000033fe978]
Event: 18.386 Thread 0x0000000015997800 5336       3       org.objectweb.asm.Label::a (93 bytes)
Event: 18.387 Thread 0x0000000015997800 nmethod 5336 0x0000000003429990 code [0x0000000003429b00, 0x0000000003429f48]

GC Heap History (10 events):
Event: 6.865 GC heap before
{Heap before GC invocations=7 (full 1):
 PSYoungGen      total 71680K, used 71665K [0x00000000eab00000, 0x00000000f1a00000, 0x0000000100000000)
  eden space 66560K, 100% used [0x00000000eab00000,0x00000000eec00000,0x00000000eec00000)
  from space 5120K, 99% used [0x00000000eec00000,0x00000000ef0fc768,0x00000000ef100000)
  to   space 10240K, 0% used [0x00000000f1000000,0x00000000f1000000,0x00000000f1a00000)
 ParOldGen       total 67072K, used 12585K [0x00000000c0000000, 0x00000000c4180000, 0x00000000eab00000)
  object space 67072K, 18% used [0x00000000c0000000,0x00000000c0c4a430,0x00000000c4180000)
 Metaspace       used 27851K, capacity 28326K, committed 28672K, reserved 1073152K
  class space    used 3867K, capacity 4019K, committed 4096K, reserved 1048576K
Event: 6.879 GC heap after
Heap after GC invocations=7 (full 1):
 PSYoungGen      total 103424K, used 4844K [0x00000000eab00000, 0x00000000f1a00000, 0x0000000100000000)
  eden space 93184K, 0% used [0x00000000eab00000,0x00000000eab00000,0x00000000f0600000)
  from space 10240K, 47% used [0x00000000f1000000,0x00000000f14bb300,0x00000000f1a00000)
  to   space 10240K, 0% used [0x00000000f0600000,0x00000000f0600000,0x00000000f1000000)
 ParOldGen       total 67072K, used 12593K [0x00000000c0000000, 0x00000000c4180000, 0x00000000eab00000)
  object space 67072K, 18% used [0x00000000c0000000,0x00000000c0c4c430,0x00000000c4180000)
 Metaspace       used 27851K, capacity 28326K, committed 28672K, reserved 1073152K
  class space    used 3867K, capacity 4019K, committed 4096K, reserved 1048576K
}
Event: 11.568 GC heap before
{Heap before GC invocations=8 (full 1):
 PSYoungGen      total 103424K, used 98028K [0x00000000eab00000, 0x00000000f1a00000, 0x0000000100000000)
  eden space 93184K, 100% used [0x00000000eab00000,0x00000000f0600000,0x00000000f0600000)
  from space 10240K, 47% used [0x00000000f1000000,0x00000000f14bb300,0x00000000f1a00000)
  to   space 10240K, 0% used [0x00000000f0600000,0x00000000f0600000,0x00000000f1000000)
 ParOldGen       total 67072K, used 12593K [0x00000000c0000000, 0x00000000c4180000, 0x00000000eab00000)
  object space 67072K, 18% used [0x00000000c0000000,0x00000000c0c4c430,0x00000000c4180000)
 Metaspace       used 33463K, capacity 33990K, committed 34304K, reserved 1079296K
  class space    used 4591K, capacity 4752K, committed 4864K, reserved 1048576K
Event: 11.597 GC heap after
Heap after GC invocations=8 (full 1):
 PSYoungGen      total 103424K, used 10233K [0x00000000eab00000, 0x00000000f3f80000, 0x0000000100000000)
  eden space 93184K, 0% used [0x00000000eab00000,0x00000000eab00000,0x00000000f0600000)
  from space 10240K, 99% used [0x00000000f0600000,0x00000000f0ffe498,0x00000000f1000000)
  to   space 12288K, 0% used [0x00000000f3380000,0x00000000f3380000,0x00000000f3f80000)
 ParOldGen       total 67072K, used 13997K [0x00000000c0000000, 0x00000000c4180000, 0x00000000eab00000)
  object space 67072K, 20% used [0x00000000c0000000,0x00000000c0dab6d8,0x00000000c4180000)
 Metaspace       used 33463K, capacity 33990K, committed 34304K, reserved 1079296K
  class space    used 4591K, capacity 4752K, committed 4864K, reserved 1048576K
}
Event: 12.556 GC heap before
{Heap before GC invocations=9 (full 1):
 PSYoungGen      total 103424K, used 46782K [0x00000000eab00000, 0x00000000f3f80000, 0x0000000100000000)
  eden space 93184K, 39% used [0x00000000eab00000,0x00000000eceb1468,0x00000000f0600000)
  from space 10240K, 99% used [0x00000000f0600000,0x00000000f0ffe498,0x00000000f1000000)
  to   space 12288K, 0% used [0x00000000f3380000,0x00000000f3380000,0x00000000f3f80000)
 ParOldGen       total 67072K, used 13997K [0x00000000c0000000, 0x00000000c4180000, 0x00000000eab00000)
  object space 67072K, 20% used [0x00000000c0000000,0x00000000c0dab6d8,0x00000000c4180000)
 Metaspace       used 34757K, capacity 35358K, committed 35456K, reserved 1079296K
  class space    used 4788K, capacity 4951K, committed 4992K, reserved 1048576K
Event: 12.623 GC heap after
Heap after GC invocations=9 (full 1):
 PSYoungGen      total 138240K, used 12154K [0x00000000eab00000, 0x00000000f5680000, 0x0000000100000000)
  eden space 125952K, 0% used [0x00000000eab00000,0x00000000eab00000,0x00000000f2600000)
  from space 12288K, 98% used [0x00000000f3380000,0x00000000f3f5e808,0x00000000f3f80000)
  to   space 13824K, 0% used [0x00000000f2600000,0x00000000f2600000,0x00000000f3380000)
 ParOldGen       total 67072K, used 13997K [0x00000000c0000000, 0x00000000c4180000, 0x00000000eab00000)
  object space 67072K, 20% used [0x00000000c0000000,0x00000000c0dab6d8,0x00000000c4180000)
 Metaspace       used 34757K, capacity 35358K, committed 35456K, reserved 1079296K
  class space    used 4788K, capacity 4951K, committed 4992K, reserved 1048576K
}
Event: 12.623 GC heap before
{Heap before GC invocations=10 (full 2):
 PSYoungGen      total 138240K, used 12154K [0x00000000eab00000, 0x00000000f5680000, 0x0000000100000000)
  eden space 125952K, 0% used [0x00000000eab00000,0x00000000eab00000,0x00000000f2600000)
  from space 12288K, 98% used [0x00000000f3380000,0x00000000f3f5e808,0x00000000f3f80000)
  to   space 13824K, 0% used [0x00000000f2600000,0x00000000f2600000,0x00000000f3380000)
 ParOldGen       total 67072K, used 13997K [0x00000000c0000000, 0x00000000c4180000, 0x00000000eab00000)
  object space 67072K, 20% used [0x00000000c0000000,0x00000000c0dab6d8,0x00000000c4180000)
 Metaspace       used 34757K, capacity 35358K, committed 35456K, reserved 1079296K
  class space    used 4788K, capacity 4951K, committed 4992K, reserved 1048576K
Event: 13.046 GC heap after
Heap after GC invocations=10 (full 2):
 PSYoungGen      total 138240K, used 0K [0x00000000eab00000, 0x00000000f5680000, 0x0000000100000000)
  eden space 125952K, 0% used [0x00000000eab00000,0x00000000eab00000,0x00000000f2600000)
  from space 12288K, 0% used [0x00000000f3380000,0x00000000f3380000,0x00000000f3f80000)
  to   space 13824K, 0% used [0x00000000f2600000,0x00000000f2600000,0x00000000f3380000)
 ParOldGen       total 105472K, used 18863K [0x00000000c0000000, 0x00000000c6700000, 0x00000000eab00000)
  object space 105472K, 17% used [0x00000000c0000000,0x00000000c126bcc8,0x00000000c6700000)
 Metaspace       used 34757K, capacity 35358K, committed 35456K, reserved 1079296K
  class space    used 4788K, capacity 4951K, committed 4992K, reserved 1048576K
}
Event: 18.010 GC heap before
{Heap before GC invocations=11 (full 2):
 PSYoungGen      total 138240K, used 125952K [0x00000000eab00000, 0x00000000f5680000, 0x0000000100000000)
  eden space 125952K, 100% used [0x00000000eab00000,0x00000000f2600000,0x00000000f2600000)
  from space 12288K, 0% used [0x00000000f3380000,0x00000000f3380000,0x00000000f3f80000)
  to   space 13824K, 0% used [0x00000000f2600000,0x00000000f2600000,0x00000000f3380000)
 ParOldGen       total 105472K, used 18863K [0x00000000c0000000, 0x00000000c6700000, 0x00000000eab00000)
  object space 105472K, 17% used [0x00000000c0000000,0x00000000c126bcc8,0x00000000c6700000)
 Metaspace       used 42258K, capacity 43006K, committed 43136K, reserved 1087488K
  class space    used 5798K, capacity 5973K, committed 6016K, reserved 1048576K
Event: 18.038 GC heap after
Heap after GC invocations=11 (full 2):
 PSYoungGen      total 139776K, used 12509K [0x00000000eab00000, 0x00000000f6000000, 0x0000000100000000)
  eden space 125952K, 0% used [0x00000000eab00000,0x00000000eab00000,0x00000000f2600000)
  from space 13824K, 90% used [0x00000000f2600000,0x00000000f32374d0,0x00000000f3380000)
  to   space 15360K, 0% used [0x00000000f5100000,0x00000000f5100000,0x00000000f6000000)
 ParOldGen       total 105472K, used 18935K [0x00000000c0000000, 0x00000000c6700000, 0x00000000eab00000)
  object space 105472K, 17% used [0x00000000c0000000,0x00000000c127dcd8,0x00000000c6700000)
 Metaspace       used 42258K, capacity 43006K, committed 43136K, reserved 1087488K
  class space    used 5798K, capacity 5973K, committed 6016K, reserved 1048576K
}

Deoptimization events (10 events):
Event: 15.392 Thread 0x0000000018486000 Uncommon trap: reason=class_check action=maybe_recompile pc=0x0000000003cb5910 method=org.apache.xerces.impl.XMLDocumentFragmentScannerImpl.scanContent()I @ 82
Event: 15.498 Thread 0x0000000018486000 Uncommon trap: reason=predicate action=maybe_recompile pc=0x000000000447b778 method=java.util.AbstractCollection.toArray([Ljava/lang/Object;)[Ljava/lang/Object; @ 49
Event: 15.533 Thread 0x0000000018486000 Uncommon trap: reason=array_check action=maybe_recompile pc=0x00000000044944f0 method=java.util.AbstractCollection.toArray([Ljava/lang/Object;)[Ljava/lang/Object; @ 119
Event: 15.533 Thread 0x0000000018486000 Uncommon trap: reason=array_check action=maybe_recompile pc=0x00000000044944f0 method=java.util.AbstractCollection.toArray([Ljava/lang/Object;)[Ljava/lang/Object; @ 119
Event: 15.534 Thread 0x0000000018486000 Uncommon trap: reason=array_check action=maybe_recompile pc=0x00000000044944f0 method=java.util.AbstractCollection.toArray([Ljava/lang/Object;)[Ljava/lang/Object; @ 119
Event: 15.534 Thread 0x0000000018486000 Uncommon trap: reason=array_check action=maybe_recompile pc=0x00000000044944f0 method=java.util.AbstractCollection.toArray([Ljava/lang/Object;)[Ljava/lang/Object; @ 119
Event: 16.717 Thread 0x0000000018486000 Uncommon trap: reason=unstable_if action=reinterpret pc=0x000000000415ce74 method=groovy.lang.MetaClassImpl.checkIfStdMethod(Lgroovy/lang/MetaMethod;)V @ 79
Event: 16.717 Thread 0x0000000018486000 Uncommon trap: reason=unstable_if action=reinterpret pc=0x000000000417b2c8 method=groovy.lang.MetaClassImpl.checkIfStdMethod(Lgroovy/lang/MetaMethod;)V @ 79
Event: 17.218 Thread 0x0000000018486000 Uncommon trap: reason=unstable_if action=reinterpret pc=0x000000000433bfc4 method=java.util.regex.Pattern.append(II)V @ 6
Event: 17.989 Thread 0x0000000018486000 Uncommon trap: reason=unstable_if action=reinterpret pc=0x00000000045c5764 method=groovy.lang.MetaClassImpl.filterPropertyMethod(Ljava/lang/Object;ZZ)Ljava/lang/Object; @ 62

Internal exceptions (10 events):
Event: 18.180 Thread 0x0000000018486000 Exception <a 'java/lang/ClassNotFoundException': org/gradle/api/tasks/bundling/ZipBeanInfo> (0x00000000eb2e8ed8) thrown at [C:\re\workspace\8-2-build-windows-amd64-cygwin\jdk8u101\7261\hotspot\src\share\vm\classfile\systemDictionary.cpp, line 210]
Event: 18.180 Thread 0x0000000018486000 Exception <a 'java/lang/ClassNotFoundException': org/gradle/api/tasks/bundling/AbstractArchiveTaskBeanInfo> (0x00000000eb2f9be0) thrown at [C:\re\workspace\8-2-build-windows-amd64-cygwin\jdk8u101\7261\hotspot\src\share\vm\classfile\systemDictionary.cpp, li¶‡ êY.2@
Event: 18.181 Thread 0x0000000018486000 Exception <a 'java/lang/ClassNotFoundException': org/gradle/api/tasks/AbstractCopyTaskBeanInfo> (0x00000000eb3091f0) thrown at [C:\re\workspace\8-2-build-windows-amd64-cygwin\jdk8u101\7261\hotspot\src\share\vm\classfile\systemDictionary.cpp, line 210]
Event: 18.182 Thread 0x0000000018486000 Exception <a 'java/lang/ClassNotFoundException': org/gradle/api/tasks/AbstractCopyTaskCustomizer> (0x00000000eb318b40) thrown at [C:\re\workspace\8-2-build-windows-amd64-cygwin\jdk8u101\7261\hotspot\src\share\vm\classfile\systemDictionary.cpp, line 210]
Event: 18.187 Thread 0x0000000018486000 Exception <a 'java/lang/ClassNotFoundException': org/gradle/api/tasks/bundling/AbstractArchiveTaskCustomizer> (0x00000000eb398880) thrown at [C:\re\workspace\8-2-build-windows-amd64-cygwin\jdk8u101\7261\hotspot\src\share\vm\classfile\systemDictionary.cpp, ﬁıC‰W02@
Event: 18.189 Thread 0x0000000018486000 Exception <a 'java/lang/ClassNotFoundException': org/gradle/api/tasks/bundling/ZipCustomizer> (0x00000000eb3d3fe8) thrown at [C:\re\workspace\8-2-build-windows-amd64-cygwin\jdk8u101\7261\hotspot\src\share\vm\classfile\systemDictionary.cpp, line 210]
Event: 18.221 Thread 0x0000000018486000 Exception <a 'java/lang/ClassNotFoundException': org/gradle/jvm/tasks/JarCustomizer> (0x00000000eb40d110) thrown at [C:\re\workspace\8-2-build-windows-amd64-cygwin\jdk8u101\7261\hotspot\src\share\vm\classfile\systemDictionary.cpp, line 210]
Event: 18.229 Thread 0x0000000018486000 Exception <a 'java/lang/ClassNotFoundException': org/gradle/api/tasks/bundling/JarCustomizer> (0x00000000eb44c598) thrown at [C:\re\workspace\8-2-build-windows-amd64-cygwin\jdk8u101\7261\hotspot\src\share\vm\classfile\systemDictionary.cpp, line 210]
Event: 18.232 Thread 0x0000000018486000 Exception <a 'java/lang/ClassNotFoundException': com/android/build/gradle/tasks/AndroidJarTaskCustomizer> (0x00000000eb47bef8) thrown at [C:\re\workspace\8-2-build-windows-amd64-cygwin\jdk8u101\7261\hotspot\src\share\vm\classfile\systemDictionary.cpp, line
Event: 18.236 Thread 0x0000000018486000 Exception <a 'java/lang/ClassNotFoundException': com/android/build/gradle/tasks/AndroidJarTask_DecoratedCustomizer> (0x00000000eb4a8bf8) thrown at [C:\re\workspace\8-2-build-windows-amd64-cygwin\jdk8u101\7261\hotspot\src\share\vm\classfile\systemDictionary6I78.2@

Events (10 events):
Event: 18.379 loading class java/util/jar/JarOutputStream
Event: 18.379 loading class java/util/jar/JarOutputStream done
Event: 18.384 loading class com/android/build/gradle/tasks/fd/GenerateInstantRunAppInfoTask$ConfigAction
Event: 18.384 loading class com/android/build/gradle/tasks/fd/GenerateInstantRunAppInfoTask$ConfigAction done
Event: 18.385 loading class com/android/build/gradle/tasks/fd/GenerateInstantRunAppInfoTask
Event: 18.385 loading class com/android/build/gradle/tasks/fd/GenerateInstantRunAppInfoTask done
Event: 18.400 loading class com/android/build/gradle/tasks/fd/GenerateInstantRunAppInfoTask$ConfigAction$1
Event: 18.400 loading class com/android/build/gradle/tasks/fd/GenerateInstantRunAppInfoTask$ConfigAction$1 done
Event: 18.402 loading class groovy/runtime/metaclass/com/android/build/gradle/tasks/fd/GenerateInstantRunAppInfoTask_DecoratedMetaClass
Event: 18.402 loading class groovy/runtime/metaclass/com/android/build/gradle/tasks/fd/GenerateInstantRunAppInfoTask_DecoratedMetaClass done


Dynamic libraries:
0x00007ff7a0e40000 - 0x00007ff7a0e77000 	C:\Program Files\Java\jdk1.8.0_101\bin\java.exe
0x00007ff816790000 - 0x00007ff816951000 	C:\WINDOWS\SYSTEM32\ntdll.dll
0x00007ff814840000 - 0x00007ff8148ed000 	C:\WINDOWS\system32\KERNEL32.DLL
0x00007ff813650000 - 0x00007ff813838000 	C:\WINDOWS\system32\KERNELBASE.dll
0x00007ff813bb0000 - 0x00007ff813c57000 	C:\WINDOWS\system32\ADVAPI32.dll
0x00007ff8163a0000 - 0x00007ff81643d000 	C:\WINDOWS\system32\msvcrt.dll
0x00007ff816450000 - 0x00007ff8164ab000 	C:\WINDOWS\system32\sechost.dll
0x00007ff813d30000 - 0x00007ff813e4c000 	C:\WINDOWS\system32\RPCRT4.dll
0x00007ff816170000 - 0x00007ff8162c6000 	C:\WINDOWS\system32\USER32.dll
0x00007ff816600000 - 0x00007ff816786000 	C:\WINDOWS\system32\GDI32.dll
0x00007ff803cb0000 - 0x00007ff803f24000 	C:\WINDOWS\WinSxS\amd64_microsoft.windows.common-controls_6595b64144ccf1df_6.0.10586.494_none_a2d8b04ea53e3145\COMCTL32.dll
0x00007ff8142d0000 - 0x00007ff81454d000 	C:\WINDOWS\system32\combase.dll
0x00007ff812e40000 - 0x00007ff812eaa000 	C:\WINDOWS\system32\bcryptPrimitives.dll
0x00007ff813e60000 - 0x00007ff813e9b000 	C:\WINDOWS\system32\IMM32.DLL
0x000000006f160000 - 0x000000006f232000 	C:\Program Files\Java\jdk1.8.0_101\jre\bin\msvcr100.dll
0x000000006f710000 - 0x000000006ffaa000 	C:\Program Files\Java\jdk1.8.0_101\jre\bin\server\jvm.dll
0x00007ff814660000 - 0x00007ff814668000 	C:\WINDOWS\system32\PSAPI.DLL
0x00007ff80f4a0000 - 0x00007ff80f4a9000 	C:\WINDOWS\SYSTEM32\WSOCK32.dll
0x00007ff8114b0000 - 0x00007ff8114d3000 	C:\WINDOWS\SYSTEM32\WINMM.dll
0x00007ff8049c0000 - 0x00007ff8049ca000 	C:\WINDOWS\SYSTEM32\VERSION.dll
0x00007ff8147d0000 - 0x00007ff81483b000 	C:\WINDOWS\system32\WS2_32.dll
0x0000000002fa0000 - 0x0000000002fcc000 	C:\WINDOWS\SYSTEM32\WINMMBASE.dll
0x00007ff813840000 - 0x00007ff813883000 	C:\WINDOWS\system32\cfgmgr32.dll
0x000000006f620000 - 0x000000006f62f000 	C:\Program Files\Java\jdk1.8.0_101\jre\bin\verify.dll
0x000000006f5f0000 - 0x000000006f619000 	C:\Program Files\Java\jdk1.8.0_101\jre\bin\java.dll
0x000000006f5d0000 - 0x000000006f5e6000 	C:\Program Files\Java\jdk1.8.0_101\jre\bin\zip.dll
0x00007ff814aa0000 - 0x00007ff815ffc000 	C:\WINDOWS\system32\SHELL32.dll
0x00007ff813000000 - 0x00007ff813645000 	C:\WINDOWS\system32\windows.storage.dll
0x00007ff816110000 - 0x00007ff816162000 	C:\WINDOWS\system32\shlwapi.dll
0x00007ff812e20000 - 0x00007ff812e2f000 	C:\WINDOWS\system32\kernel.appcore.dll
0x00007ff812f40000 - 0x00007ff812ff5000 	C:\WINDOWS\system32\shcore.dll
0x00007ff812db0000 - 0x00007ff812dfb000 	C:\WINDOWS\system32\powrprof.dll
0x00007ff812e00000 - 0x00007ff812e14000 	C:\WINDOWS\system32\profapi.dll
0x000000006f5b0000 - 0x000000006f5ca000 	C:\Program Files\Java\jdk1.8.0_101\jre\bin\net.dll
0x00007ff812680000 - 0x00007ff8126dc000 	C:\WINDOWS\system32\mswsock.dll
0x000000006f590000 - 0x000000006f5a1000 	C:\Program Files\Java\jdk1.8.0_101\jre\bin\nio.dll
0x00007ff805d30000 - 0x00007ff805d42000 	C:\Users\Addison\.gradle\native\19\windows-amd64\native-platform.dll
0x00007ff812730000 - 0x00007ff812747000 	C:\WINDOWS\SYSTEM32\CRYPTSP.dll
0x00007ff8123c0000 - 0x00007ff8123f4000 	C:\WINDOWS\system32\rsaenh.dll
0x00007ff812ce0000 - 0x00007ff812d09000 	C:\WINDOWS\SYSTEM32\bcrypt.dll
0x00007ff812510000 - 0x00007ff81252f000 	C:\WINDOWS\SYSTEM32\USERENV.dll
0x00007ff812850000 - 0x00007ff81285b000 	C:\WINDOWS\SYSTEM32\CRYPTBASE.dll
0x00007ff80aea0000 - 0x00007ff80aed8000 	C:\WINDOWS\SYSTEM32\IPHLPAPI.DLL
0x00007ff816440000 - 0x00007ff816448000 	C:\WINDOWS\system32\NSI.dll
0x00007ff80a3e0000 - 0x00007ff80a3f6000 	C:\WINDOWS\SYSTEM32\dhcpcsvc6.DLL
0x00007ff80a760000 - 0x00007ff80a77a000 	C:\WINDOWS\SYSTEM32\dhcpcsvc.DLL
0x000000006f390000 - 0x000000006f39d000 	C:\Program Files\Java\jdk1.8.0_101\jre\bin\management.dll

VM Arguments:
jvm_args: -XX:MaxPermSize=256m -XX:+HeapDumpOnOutOfMemoryError -Xmx1024m -Dfile.encoding=windows-1252 -Duser.country=GB -Duser.language=en -Duser.variant 
java_command: org.gradle.launcher.daemon.bootstrap.GradleDaemon 2.14.1
java_class_path (initial): C:\Program Files\Android\Android Studio\gradle\gradle-2.14.1\lib\gradle-launcher-2.14.1.jar
Launcher Type: SUN_STANDARD

Environment Variables:
PATH=C:\ProgramData\Oracle\Java\javapath;C:\Program Files (x86)\Intel\iCLS Client\;C:\Program Files\Intel\iCLS Client\;C:\WINDOWS\system32;C:\WINDOWS;C:\WINDOWS\System32\Wbem;C:\WINDOWS\System32\WindowsPowerShell\v1.0\;C:\Program Files (x86)\Intel\Intel(R) Management Engine Components\DAL;C:\Program Files\Intel\Intel(R) Management Engine Components\DAL;C:\Program Files (x86)\Intel\Intel(R) Management Engine Components\IPT;C:\Program Files\Intel\Intel(R) Management Engine Components\IPT;C:\Program Files\Intel\WiFi\bin\;C:\Program Files\Common Files\Intel\WirelessCommon\;C:\Program Files (x86)\Skype\Phone\;C:\Program Files\Java\jdk1.7.0_79\bin
USERNAME=Addison
OS=Windows_NT
PROCESSOR_IDENTIFIER=Intel64 Family 6 Model 78 Stepping 3, GenuineIntel



---------------  S Y S T E M  ---------------

OS: Windows 10.0 , 64 bit Build 10586 (10.0.10586.0)

CPU:total 4 (2 cores per cpu, 2 threads per core) family 6 model 78 stepping 3, cmov, cx8, fxsr, mmx, sse, sse2, sse3, ssse3, sse4.1, sse4.2, popcnt, avx, avx2, aes, clmul, erms, 3dnowpref, lzcnt, ht, tsc, tscinvbit, bmi1, bmi2, adx

Memory: 4k page, physical 8285268k(1103380k free), swap 13982024k(6036k free)

vm_info: Java HotSpot(TM) 64-Bit Server VM (25.101-b13) for windows-amd64 JRE (1.8.0_101-b13), built on Jun 22 2016 01:21:29 by "java_re" with MS VC++ 10.0 (VS2010)

time: Tue Aug 30 13:24:35 2016
elapsed time: 18 seconds (0d 0h 0m 18s)

