#
# There is insufficient memory for the Java Runtime Environment to continue.
# Native memory allocation (malloc) failed to allocate 612656 bytes for Chunk::new
# Possible reasons:
#   The system is out of physical RAM or swap space
#   In 32 bit mode, the process size limit was hit
# Possible solutions:
#   Reduce memory load on the system
#   Increase physical memory or swap space
#   Check if swap backing store is full
#   Use 64 bit Java on a 64 bit OS
#   Decrease Java heap size (-Xmx/-Xms)
#   Decrease number of Java threads
#   Decrease Java thread stack sizes (-Xss)
#   Set larger code cache with -XX:ReservedCodeCacheSize=
# This output file may be truncated or incomplete.
#
#  Out of Memory Error (allocation.cpp:390), pid=2716, tid=0x00000000000030dc
#
# JRE version: Java(TM) SE Runtime Environment (8.0_101-b13) (build 1.8.0_101-b13)
# Java VM: Java HotSpot(TM) 64-Bit Server VM (25.101-b13 mixed mode windows-amd64 compressed oops)
# Failed to write core dump. Minidumps are not enabled by default on client versions of Windows
#

---------------  T H R E A D  ---------------

Current thread (0x0000000015961800):  JavaThread "C2 CompilerThread1" daemon [_thread_in_native, id=12508, stack(0x00000000170c0000,0x00000000171c0000)]

Stack: [0x00000000170c0000,0x00000000171c0000]
[error occurred during error reporting (printing stack bounds), id 0xc0000005]

Native frames: (J=compiled Java code, j=interpreted, Vv=VM code, C=native code)


Current CompileTask:
C2:  20766 6950       4       com.android.utils.XmlUtils::append (540 bytes)


---------------  P R O C E S S  ---------------

Java Threads: ( => current thread )
  0x000000001e42d000 JavaThread "stdout" daemon [_thread_in_native, id=6588, stack(0x0000000023360000,0x0000000023460000)]
  0x000000001e431800 JavaThread "stderr" daemon [_thread_in_native, id=720, stack(0x0000000023260000,0x0000000023360000)]
  0x000000001e42c000 JavaThread "stdout" daemon [_thread_in_native, id=10468, stack(0x0000000023160000,0x0000000023260000)]
  0x000000001e430800 JavaThread "stderr" daemon [_thread_in_native, id=10912, stack(0x0000000023060000,0x0000000023160000)]
  0x000000001e430000 JavaThread "stdout" daemon [_thread_in_native, id=12012, stack(0x0000000022f60000,0x0000000023060000)]
  0x0000000018716800 JavaThread "stderr" daemon [_thread_in_native, id=9384, stack(0x0000000022e60000,0x0000000022f60000)]
  0x0000000018715800 JavaThread "stdout" daemon [_thread_in_native, id=9400, stack(0x0000000022d60000,0x0000000022e60000)]
  0x0000000018715000 JavaThread "stderr" daemon [_thread_in_native, id=5128, stack(0x0000000022c60000,0x0000000022d60000)]
  0x0000000018714000 JavaThread "stdout" daemon [_thread_in_native, id=10452, stack(0x0000000022b60000,0x0000000022c60000)]
  0x0000000018713800 JavaThread "stderr" daemon [_thread_in_native, id=4704, stack(0x0000000022a60000,0x0000000022b60000)]
  0x0000000018717000 JavaThread "stdout" daemon [_thread_in_native, id=12992, stack(0x0000000022960000,0x0000000022a60000)]
  0x0000000018712800 JavaThread "stderr" daemon [_thread_in_native, id=400, stack(0x0000000022860000,0x0000000022960000)]
  0x000000001870b000 JavaThread "png-cruncher_10" daemon [_thread_blocked, id=1944, stack(0x0000000022760000,0x0000000022860000)]
  0x0000000018712000 JavaThread "png-cruncher_9" daemon [_thread_blocked, id=13020, stack(0x0000000022660000,0x0000000022760000)]
  0x0000000018711000 JavaThread "png-cruncher_8" daemon [_thread_blocked, id=11328, stack(0x0000000022560000,0x0000000022660000)]
  0x000000001870a800 JavaThread "png-cruncher_7" daemon [_thread_blocked, id=3096, stack(0x0000000022460000,0x0000000022560000)]
  0x0000000018709800 JavaThread "png-cruncher_6" daemon [_thread_blocked, id=5832, stack(0x0000000022360000,0x0000000022460000)]
  0x0000000018710800 JavaThread "stdout" daemon [_thread_in_native, id=3284, stack(0x0000000022260000,0x0000000022360000)]
  0x000000001870c000 JavaThread "stderr" daemon [_thread_in_native, id=12876, stack(0x0000000022160000,0x0000000022260000)]
  0x0000000018709000 JavaThread "stdout" daemon [_thread_in_native, id=12388, stack(0x0000000022060000,0x0000000022160000)]
  0x000000001870f800 JavaThread "stderr" daemon [_thread_in_native, id=7688, stack(0x0000000021f60000,0x0000000022060000)]
  0x000000001870e000 JavaThread "stdout" daemon [_thread_in_native, id=10656, stack(0x0000000021e60000,0x0000000021f60000)]
  0x000000001870f000 JavaThread "stderr" daemon [_thread_in_native, id=5504, stack(0x0000000021d60000,0x0000000021e60000)]
  0x000000001870d800 JavaThread "stdout" daemon [_thread_in_native, id=12864, stack(0x0000000021c60000,0x0000000021d60000)]
  0x0000000018708000 JavaThread "stderr" daemon [_thread_in_native, id=10388, stack(0x0000000021b60000,0x0000000021c60000)]
  0x000000001870c800 JavaThread "png-cruncher_5" daemon [_thread_blocked, id=10448, stack(0x0000000021860000,0x0000000021960000)]
  0x000000001e30d800 JavaThread "png-cruncher_4" daemon [_thread_blocked, id=3936, stack(0x0000000021760000,0x0000000021860000)]
  0x000000001e30d000 JavaThread "png-cruncher_3" daemon [_thread_blocked, id=7460, stack(0x0000000021660000,0x0000000021760000)]
  0x000000001e313000 JavaThread "png-cruncher_2" daemon [_thread_blocked, id=4076, stack(0x0000000021560000,0x0000000021660000)]
  0x000000001e311800 JavaThread "png-cruncher_1" daemon [_thread_blocked, id=2836, stack(0x0000000021460000,0x0000000021560000)]
  0x000000001e312800 JavaThread "pool-2-thread-4" [_thread_in_native, id=10436, stack(0x0000000021260000,0x0000000021360000)]
  0x000000001e311000 JavaThread "pool-2-thread-3" [_thread_in_native, id=11724, stack(0x0000000021160000,0x0000000021260000)]
  0x000000001e30f800 JavaThread "pool-2-thread-2" [_thread_in_native, id=12880, stack(0x0000000021060000,0x0000000021160000)]
  0x000000001e30c000 JavaThread "pool-2-thread-1" [_thread_in_native, id=11520, stack(0x0000000020f60000,0x0000000021060000)]
  0x000000001e310000 JavaThread "File lock request listener" [_thread_in_native, id=11680, stack(0x000000001c710000,0x000000001c810000)]
  0x00000000184f7800 JavaThread "Stdin handler" [_thread_blocked, id=3300, stack(0x0000000019e70000,0x0000000019f70000)]
  0x00000000184d3000 JavaThread "Asynchronous log dispatcher for org.gradle.launcher.daemon.server.DefaultDaemonConnection@73e6f85d" [_thread_blocked, id=10840, stack(0x0000000019d70000,0x0000000019e70000)]
  0x0000000018643800 JavaThread "Daemon worker" [_thread_in_native, id=10128, stack(0x0000000019c70000,0x0000000019d70000)]
  0x0000000018657800 JavaThread "Cancel handler" [_thread_blocked, id=1260, stack(0x0000000019b70000,0x0000000019c70000)]
  0x00000000187cc000 JavaThread "Handler for socket connection from /127.0.0.1:63740 to /127.0.0.1:63742" [_thread_in_native, id=5108, stack(0x0000000019a70000,0x0000000019b70000)]
  0x0000000018450000 JavaThread "Daemon" [_thread_blocked, id=8448, stack(0x0000000019970000,0x0000000019a70000)]
  0x0000000018314000 JavaThread "Incoming local TCP Connector on port 63740" [_thread_in_native, id=8688, stack(0x0000000019590000,0x0000000019690000)]
  0x0000000018704000 JavaThread "pool-1-thread-1" [_thread_blocked, id=2016, stack(0x0000000019490000,0x0000000019590000)]
  0x00000000172f1800 JavaThread "Service Thread" daemon [_thread_blocked, id=11588, stack(0x00000000176c0000,0x00000000177c0000)]
  0x000000001596a000 JavaThread "C1 CompilerThread2" daemon [_thread_blocked, id=7724, stack(0x00000000171c0000,0x00000000172c0000)]
=>0x0000000015961800 JavaThread "C2 CompilerThread1" daemon [_thread_in_native, id=12508, stack(0x00000000170c0000,0x00000000171c0000)]
  0x000000001595f000 JavaThread "C2 CompilerThread0" daemon [_thread_in_native, id=7956, stack(0x0000000016fc0000,0x00000000170c0000)]
  0x000000001595d800 JavaThread "Attach Listener" daemon [_thread_blocked, id=10896, stack(0x0000000016ec0000,0x0000000016fc0000)]
  0x000000001595c000 JavaThread "Signal Dispatcher" daemon [_thread_blocked, id=7464, stack(0x0000000016dc0000,0x0000000016ec0000)]
  0x000000001594a800 JavaThread "Finalizer" daemon [_thread_blocked, id=11300, stack(0x0000000016be0000,0x0000000016ce0000)]
  0x0000000015929000 JavaThread "Reference Handler" daemon [_thread_blocked, id=6052, stack(0x0000000016ae0000,0x0000000016be0000)]
  0x0000000002ede000 JavaThread "main" [_thread_blocked, id=12180, stack(0x0000000003090000,0x0000000003190000)]

Other Threads:
  0x0000000015926800 VMThread [stack: 0x00000000169e0000,0x0000000016ae0000] [id=6320]
  0x000000001730d000 WatcherThread [stack: 0x00000000177c0000,0x00000000178c0000] [id=5700]

VM state:not at safepoint (normal execution)

VM Mutex/Monitor currently owned by a thread: None

Heap:
 PSYoungGen      total 212992K, used 35349K [0x00000000eab00000, 0x00000000f9900000, 0x0000000100000000)
  eden space 196096K, 9% used [0x00000000eab00000,0x00000000ebd0cef8,0x00000000f6a80000)
  from space 16896K, 99% used [0x00000000f8080000,0x00000000f90f87d0,0x00000000f9100000)
  to   space 22528K, 0% used [0x00000000f6a80000,0x00000000f6a80000,0x00000000f8080000)
 ParOldGen       total 103936K, used 28594K [0x00000000c0000000, 0x00000000c6580000, 0x00000000eab00000)
  object space 103936K, 27% used [0x00000000c0000000,0x00000000c1beca70,0x00000000c6580000)
 Metaspace       used 47029K, capacity 47802K, committed 47872K, reserved 1091584K
  class space    used 6437K, capacity 6622K, committed 6656K, reserved 1048576K

Card table byte_map: [0x0000000012650000,0x0000000012860000] byte_map_base: 0x0000000012050000

Marking Bits: (ParMarkBitMap*) 0x000000006ff2a6d0
 Begin Bits: [0x0000000012dc0000, 0x0000000013dc0000)
 End Bits:   [0x0000000013dc0000, 0x0000000014dc0000)

Polling page: 0x0000000001390000

CodeCache: size=245760Kb used=20936Kb max_used=21680Kb free=224823Kb
 bounds [0x0000000003290000, 0x00000000047e0000, 0x0000000012290000]
 total_blobs=6815 nmethods=6111 adapters=615
 compilation: enabled

Compilation events (10 events):
Event: 20.699 Thread 0x000000001596a000 nmethod 6986 0x00000000042504d0 code [0x0000000004250640, 0x00000000042507e8]
Event: 20.699 Thread 0x000000001595f000 6987       4       java.util.Formatter$Flags::contains (22 bytes)
Event: 20.701 Thread 0x000000001595f000 nmethod 6987 0x0000000003b57390 code [0x0000000003b574c0, 0x0000000003b57538]
Event: 20.711 Thread 0x000000001596a000 6988       3       java.util.concurrent.ThreadPoolExecutor::runStateOf (5 bytes)
Event: 20.711 Thread 0x000000001596a000 nmethod 6988 0x000000000378bd10 code [0x000000000378be60, 0x000000000378bf90]
Event: 20.727 Thread 0x000000001596a000 6989   !   3       java.util.concurrent.LinkedBlockingQueue::take (93 bytes)
Event: 20.729 Thread 0x000000001596a000 nmethod 6989 0x000000000390a8d0 code [0x000000000390abc0, 0x000000000390c258]
Event: 20.739 Thread 0x000000001595f000 6990 %     4       sun.nio.cs.SingleByte$Decoder::decodeArrayLoop @ 88 (154 bytes)
Event: 20.749 Thread 0x000000001596a000 6991       3       java.util.Formatter$FormatSpecifier::localizedMagnitude (327 bytes)
Event: 20.754 Thread 0x000000001596a000 nmethod 6991 0x000000000360aad0 code [0x000000000360ae40, 0x000000000360cd38]

GC Heap History (10 events):
Event: 8.006 GC heap before
{Heap before GC invocations=6 (full 1):
 PSYoungGen      total 104448K, used 104444K [0x00000000eab00000, 0x00000000f3700000, 0x0000000100000000)
  eden space 99328K, 100% used [0x00000000eab00000,0x00000000f0c00000,0x00000000f0c00000)
  from space 5120K, 99% used [0x00000000f3200000,0x00000000f36ff1c8,0x00000000f3700000)
  to   space 5120K, 0% used [0x00000000f2d00000,0x00000000f2d00000,0x00000000f3200000)
 ParOldGen       total 68096K, used 13907K [0x00000000c0000000, 0x00000000c4280000, 0x00000000eab00000)
  object space 68096K, 20% used [0x00000000c0000000,0x00000000c0d94c18,0x00000000c4280000)
 Metaspace       used 29773K, capacity 30260K, committed 30464K, reserved 1075200K
  class space    used 4103K, capacity 4261K, committed 4352K, reserved 1048576K
Event: 8.064 GC heap after
Heap after GC invocations=6 (full 1):
 PSYoungGen      total 138240K, used 5100K [0x00000000eab00000, 0x00000000f5280000, 0x0000000100000000)
  eden space 133120K, 0% used [0x00000000eab00000,0x00000000eab00000,0x00000000f2d00000)
  from space 5120K, 99% used [0x00000000f2d00000,0x00000000f31fb050,0x00000000f3200000)
  to   space 11264K, 0% used [0x00000000f4780000,0x00000000f4780000,0x00000000f5280000)
 ParOldGen       total 68096K, used 16488K [0x00000000c0000000, 0x00000000c4280000, 0x00000000eab00000)
  object space 68096K, 24% used [0x00000000c0000000,0x00000000c101a330,0x00000000c4280000)
 Metaspace       used 29773K, capacity 30260K, committed 30464K, reserved 1075200K
  class space    used 4103K, capacity 4261K, committed 4352K, reserved 1048576K
}
Event: 10.342 GC heap before
{Heap before GC invocations=7 (full 1):
 PSYoungGen      total 138240K, used 103627K [0x00000000eab00000, 0x00000000f5280000, 0x0000000100000000)
  eden space 133120K, 74% used [0x00000000eab00000,0x00000000f0b37bb8,0x00000000f2d00000)
  from space 5120K, 99% used [0x00000000f2d00000,0x00000000f31fb050,0x00000000f3200000)
  to   space 11264K, 0% used [0x00000000f4780000,0x00000000f4780000,0x00000000f5280000)
 ParOldGen       total 68096K, used 16488K [0x00000000c0000000, 0x00000000c4280000, 0x00000000eab00000)
  object space 68096K, 24% used [0x00000000c0000000,0x00000000c101a330,0x00000000c4280000)
 Metaspace       used 34774K, capacity 35354K, committed 35456K, reserved 1079296K
  class space    used 4793K, capacity 4951K, committed 4992K, reserved 1048576K
Event: 10.384 GC heap after
Heap after GC invocations=7 (full 1):
 PSYoungGen      total 156672K, used 11254K [0x00000000eab00000, 0x00000000f8a00000, 0x0000000100000000)
  eden space 145408K, 0% used [0x00000000eab00000,0x00000000eab00000,0x00000000f3900000)
  from space 11264K, 99% used [0x00000000f4780000,0x00000000f527dab8,0x00000000f5280000)
  to   space 14848K, 0% used [0x00000000f3900000,0x00000000f3900000,0x00000000f4780000)
 ParOldGen       total 68096K, used 19765K [0x00000000c0000000, 0x00000000c4280000, 0x00000000eab00000)
  object space 68096K, 29% used [0x00000000c0000000,0x00000000c134d4b0,0x00000000c4280000)
 Metaspace       used 34774K, capacity 35354K, committed 35456K, reserved 1079296K
  class space    used 4793K, capacity 4951K, committed 4992K, reserved 1048576K
}
Event: 10.384 GC heap before
{Heap before GC invocations=8 (full 2):
 PSYoungGen      total 156672K, used 11254K [0x00000000eab00000, 0x00000000f8a00000, 0x0000000100000000)
  eden space 145408K, 0% used [0x00000000eab00000,0x00000000eab00000,0x00000000f3900000)
  from space 11264K, 99% used [0x00000000f4780000,0x00000000f527dab8,0x00000000f5280000)
  to   space 14848K, 0% used [0x00000000f3900000,0x00000000f3900000,0x00000000f4780000)
 ParOldGen       total 68096K, used 19765K [0x00000000c0000000, 0x00000000c4280000, 0x00000000eab00000)
  object space 68096K, 29% used [0x00000000c0000000,0x00000000c134d4b0,0x00000000c4280000)
 Metaspace       used 34774K, capacity 35354K, committed 35456K, reserved 1079296K
  class space    used 4793K, capacity 4951K, committed 4992K, reserved 1048576K
Event: 10.595 GC heap after
Heap after GC invocations=8 (full 2):
 PSYoungGen      total 156672K, used 0K [0x00000000eab00000, 0x00000000f8a00000, 0x0000000100000000)
  eden space 145408K, 0% used [0x00000000eab00000,0x00000000eab00000,0x00000000f3900000)
  from space 11264K, 0% used [0x00000000f4780000,0x00000000f4780000,0x00000000f5280000)
  to   space 14848K, 0% used [0x00000000f3900000,0x00000000f3900000,0x00000000f4780000)
 ParOldGen       total 103936K, used 21155K [0x00000000c0000000, 0x00000000c6580000, 0x00000000eab00000)
  object space 103936K, 20% used [0x00000000c0000000,0x00000000c14a8f48,0x00000000c6580000)
 Metaspace       used 34774K, capacity 35354K, committed 35456K, reserved 1079296K
  class space    used 4793K, capacity 4951K, committed 4992K, reserved 1048576K
}
Event: 13.497 GC heap before
{Heap before GC invocations=9 (full 2):
 PSYoungGen      total 156672K, used 145408K [0x00000000eab00000, 0x00000000f8a00000, 0x0000000100000000)
  eden space 145408K, 100% used [0x00000000eab00000,0x00000000f3900000,0x00000000f3900000)
  from space 11264K, 0% used [0x00000000f4780000,0x00000000f4780000,0x00000000f5280000)
  to   space 14848K, 0% used [0x00000000f3900000,0x00000000f3900000,0x00000000f4780000)
 ParOldGen       total 103936K, used 21155K [0x00000000c0000000, 0x00000000c6580000, 0x00000000eab00000)
  object space 103936K, 20% used [0x00000000c0000000,0x00000000c14a8f48,0x00000000c6580000)
 Metaspace       used 42874K, capacity 43558K, committed 43776K, reserved 1087488K
  class space    used 5917K, capacity 6071K, committed 6144K, reserved 1048576K
Event: 13.520 GC heap after
Heap after GC invocations=9 (full 2):
 PSYoungGen      total 160256K, used 14235K [0x00000000eab00000, 0x00000000f9100000, 0x0000000100000000)
  eden space 145408K, 0% used [0x00000000eab00000,0x00000000eab00000,0x00000000f3900000)
  from space 14848K, 95% used [0x00000000f3900000,0x00000000f46e6e88,0x00000000f4780000)
  to   space 16896K, 0% used [0x00000000f8080000,0x00000000f8080000,0x00000000f9100000)
 ParOldGen       total 103936K, used 21227K [0x00000000c0000000, 0x00000000c6580000, 0x00000000eab00000)
  object space 103936K, 20% used [0x00000000c0000000,0x00000000c14baf58,0x00000000c6580000)
 Metaspace       used 42874K, capacity 43558K, committed 43776K, reserved 1087488K
  class space    used 5917K, capacity 6071K, committed 6144K, reserved 1048576K
}
Event: 20.096 GC heap before
{Heap before GC invocations=10 (full 2):
 PSYoungGen      total 160256K, used 159643K [0x00000000eab00000, 0x00000000f9100000, 0x0000000100000000)
  eden space 145408K, 100% used [0x00000000eab00000,0x00000000f3900000,0x00000000f3900000)
  from space 14848K, 95% used [0x00000000f3900000,0x00000000f46e6e88,0x00000000f4780000)
  to   space 16896K, 0% used [0x00000000f8080000,0x00000000f8080000,0x00000000f9100000)
 ParOldGen       total 103936K, used 21227K [0x00000000c0000000, 0x00000000c6580000, 0x00000000eab00000)
  object space 103936K, 20% used [0x00000000c0000000,0x00000000c14baf58,0x00000000c6580000)
 Metaspace       used 46982K, capacity 47802K, committed 47872K, reserved 1091584K
  class space    used 6435K, capacity 6622K, committed 6656K, reserved 1048576K
Event: 20.164 GC heap after
Heap after GC invocations=10 (full 2):
 PSYoungGen      total 212992K, used 16865K [0x00000000eab00000, 0x00000000f9900000, 0x0000000100000000)
  eden space 196096K, 0% used [0x00000000eab00000,0x00000000eab00000,0x00000000f6a80000)
  from space 16896K, 99% used [0x00000000f8080000,0x00000000f90f87d0,0x00000000f9100000)
  to   space 22528K, 0% used [0x00000000f6a80000,0x00000000f6a80000,0x00000000f8080000)
 ParOldGen       total 103936K, used 28594K [0x00000000c0000000, 0x00000000c6580000, 0x00000000eab00000)
  object space 103936K, 27% used [0x00000000c0000000,0x00000000c1beca70,0x00000000c6580000)
 Metaspace       used 46982K, capacity 47802K, committed 47872K, reserved 1091584K
  class space    used 6435K, capacity 6622K, committed 6656K, reserved 1048576K
}

Deoptimization events (10 events):
Event: 19.123 Thread 0x0000000018643800 Uncommon trap: reason=bimorphic action=maybe_recompile pc=0x00000000046cb908 method=com.sun.org.apache.xerces.internal.dom.CoreDocumentImpl.isKidOK(Lorg/w3c/dom/Node;Lorg/w3c/dom/Node;)Z @ 39
Event: 19.123 Thread 0x0000000018643800 Uncommon trap: reason=bimorphic action=maybe_recompile pc=0x00000000046965f8 method=com.sun.org.apache.xerces.internal.dom.NodeImpl.changed()V @ 1
Event: 19.123 Thread 0x0000000018643800 Uncommon trap: reason=bimorphic action=maybe_recompile pc=0x00000000046cb908 method=com.sun.org.apache.xerces.internal.dom.CoreDocumentImpl.isKidOK(Lorg/w3c/dom/Node;Lorg/w3c/dom/Node;)Z @ 39
Event: 19.123 Thread 0x0000000018643800 Uncommon trap: reason=bimorphic action=maybe_recompile pc=0x00000000046965f8 method=com.sun.org.apache.xerces.internal.dom.NodeImpl.changed()V @ 1
Event: 19.220 Thread 0x000000001e311000 Uncommon trap: reason=unstable_if action=reinterpret pc=0x000000000452a3b4 method=java.util.concurrent.locks.ReentrantLock$Sync.nonfairTryAcquire(I)Z @ 34
Event: 19.462 Thread 0x000000001e30c000 Uncommon trap: reason=class_check action=maybe_recompile pc=0x0000000003db11ec method=java.util.concurrent.ConcurrentHashMap.putVal(Ljava/lang/Object;Ljava/lang/Object;Z)Ljava/lang/Object; @ 192
Event: 19.502 Thread 0x000000001e312800 Uncommon trap: reason=class_check action=maybe_recompile pc=0x0000000003db11ec method=java.util.concurrent.ConcurrentHashMap.putVal(Ljava/lang/Object;Ljava/lang/Object;Z)Ljava/lang/Object; @ 192
Event: 19.538 Thread 0x000000001e311000 Uncommon trap: reason=class_check action=maybe_recompile pc=0x0000000003db11ec method=java.util.concurrent.ConcurrentHashMap.putVal(Ljava/lang/Object;Ljava/lang/Object;Z)Ljava/lang/Object; @ 192
Event: 19.964 Thread 0x0000000018643800 Uncommon trap: reason=null_check action=make_not_entrant pc=0x000000000391ba2c method=com.android.ide.common.res2.NodeUtils.processSingleNodeNamespace(Lorg/w3c/dom/Node;Lorg/w3c/dom/Document;)Z @ 8
Event: 20.168 Thread 0x000000001e311800 Uncommon trap: reason=unstable_if action=reinterpret pc=0x000000000347e394 method=java.util.regex.Matcher.appendReplacement(Ljava/lang/StringBuffer;Ljava/lang/String;)Ljava/util/regex/Matcher; @ 47

Internal exceptions (10 events):
Event: 14.809 Thread 0x0000000018643800 Exception <a 'java/lang/ClassNotFoundException': java/lang/ClassBeanInfo> (0x00000000ecb90878) thrown at [C:\re\workspace\8-2-build-windows-amd64-cygwin\jdk8u101\7261\hotspot\src\share\vm\classfile\systemDictionary.cpp, line 210]
Event: 14.810 Thread 0x0000000018643800 Exception <a 'java/lang/ClassNotFoundException': java/lang/ClassCustomizer> (0x00000000ecb95fb0) thrown at [C:\re\workspace\8-2-build-windows-amd64-cygwin\jdk8u101\7261\hotspot\src\share\vm\classfile\systemDictionary.cpp, line 210]
Event: 14.839 Thread 0x0000000018643800 Exception <a 'java/lang/ClassNotFoundException': java/util/ArrayListBeanInfo> (0x00000000ecca9688) thrown at [C:\re\workspace\8-2-build-windows-amd64-cygwin\jdk8u101\7261\hotspot\src\share\vm\classfile\systemDictionary.cpp, line 210]
Event: 14.839 Thread 0x0000000018643800 Exception <a 'java/lang/ClassNotFoundException': java/util/AbstractListBeanInfo> (0x00000000eccaf4e0) thrown at [C:\re\workspace\8-2-build-windows-amd64-cygwin\jdk8u101\7261\hotspot\src\share\vm\classfile\systemDictionary.cpp, line 210]
Event: 14.840 Thread 0x0000000018643800 Exception <a 'java/lang/ClassNotFoundException': java/util/AbstractListCustomizer> (0x00000000eccb5660) thrown at [C:\re\workspace\8-2-build-windows-amd64-cygwin\jdk8u101\7261\hotspot\src\share\vm\classfile\systemDictionary.cpp, line 210]
Event: 14.841 Thread 0x0000000018643800 Exception <a 'java/lang/ClassNotFoundException': java/util/ArrayListCustomizer> (0x00000000eccc86e0) thrown at [C:\re\workspace\8-2-build-windows-amd64-cygwin\jdk8u101\7261\hotspot\src\share\vm\classfile\systemDictionary.cpp, line 210]
Event: 14.842 Thread 0x0000000018643800 Implicit null exception at 0x0000000004309984 to 0x000000000430b6b1
Event: 14.853 Thread 0x0000000018643800 Exception <a 'java/lang/ClassNotFoundException': org/gradle/api/internal/file/collections/DefaultConfigurableFileCollectionBeanInfo> (0x00000000ecd2c5a8) thrown at [C:\re\workspace\8-2-build-windows-amd64-cygwin\jdk8u101\7261\hotspot\src\share\vm\classfileE
B—'µ-@
Event: 14.854 Thread 0x0000000018643800 Exception <a 'java/lang/ClassNotFoundException': org/gradle/api/internal/file/collections/DefaultConfigurableFileCollectionCustomizer> (0x00000000ecd40950) thrown at [C:\re\workspace\8-2-build-windows-amd64-cygwin\jdk8u101\7261\hotspot\src\share\vm\classfiòhèo√ˆ3@
Event: 19.964 Thread 0x0000000018643800 Implicit null exception at 0x000000000391b8d7 to 0x000000000391ba1b

Events (10 events):
Event: 20.682 Executing VM operation: RevokeBias
Event: 20.682 Executing VM operation: RevokeBias done
Event: 20.737 Executing VM operation: RevokeBias
Event: 20.737 Executing VM operation: RevokeBias done
Event: 20.738 Executing VM operation: RevokeBias
Event: 20.738 Executing VM operation: RevokeBias done
Event: 20.740 Executing VM operation: RevokeBias
Event: 20.740 Executing VM operation: RevokeBias done
Event: 20.740 Executing VM operation: RevokeBias
Event: 20.741 Executing VM operation: RevokeBias done


Dynamic libraries:
0x00007ff7a0e40000 - 0x00007ff7a0e77000 	C:\Program Files\Java\jdk1.8.0_101\bin\java.exe
0x00007ff816790000 - 0x00007ff816951000 	C:\WINDOWS\SYSTEM32\ntdll.dll
0x00007ff814840000 - 0x00007ff8148ed000 	C:\WINDOWS\system32\KERNEL32.DLL
0x00007ff813650000 - 0x00007ff813838000 	C:\WINDOWS\system32\KERNELBASE.dll
0x00007ff813bb0000 - 0x00007ff813c57000 	C:\WINDOWS\system32\ADVAPI32.dll
0x00007ff8163a0000 - 0x00007ff81643d000 	C:\WINDOWS\system32\msvcrt.dll
0x00007ff816450000 - 0x00007ff8164ab000 	C:\WINDOWS\system32\sechost.dll
0x00007ff813d30000 - 0x00007ff813e4c000 	C:\WINDOWS\system32\RPCRT4.dll
0x00007ff816170000 - 0x00007ff8162c6000 	C:\WINDOWS\system32\USER32.dll
0x00007ff816600000 - 0x00007ff816786000 	C:\WINDOWS\system32\GDI32.dll
0x00007ff803cb0000 - 0x00007ff803f24000 	C:\WINDOWS\WinSxS\amd64_microsoft.windows.common-controls_6595b64144ccf1df_6.0.10586.494_none_a2d8b04ea53e3145\COMCTL32.dll
0x00007ff8142d0000 - 0x00007ff81454d000 	C:\WINDOWS\system32\combase.dll
0x00007ff812e40000 - 0x00007ff812eaa000 	C:\WINDOWS\system32\bcryptPrimitives.dll
0x00007ff813e60000 - 0x00007ff813e9b000 	C:\WINDOWS\system32\IMM32.DLL
0x000000006f160000 - 0x000000006f232000 	C:\Program Files\Java\jdk1.8.0_101\jre\bin\msvcr100.dll
0x000000006f710000 - 0x000000006ffaa000 	C:\Program Files\Java\jdk1.8.0_101\jre\bin\server\jvm.dll
0x00007ff814660000 - 0x00007ff814668000 	C:\WINDOWS\system32\PSAPI.DLL
0x00007ff80f4a0000 - 0x00007ff80f4a9000 	C:\WINDOWS\SYSTEM32\WSOCK32.dll
0x00007ff8114b0000 - 0x00007ff8114d3000 	C:\WINDOWS\SYSTEM32\WINMM.dll
0x00007ff8147d0000 - 0x00007ff81483b000 	C:\WINDOWS\system32\WS2_32.dll
0x00007ff8049c0000 - 0x00007ff8049ca000 	C:\WINDOWS\SYSTEM32\VERSION.dll
0x00007ff811480000 - 0x00007ff8114ac000 	C:\WINDOWS\SYSTEM32\WINMMBASE.dll
0x00007ff813840000 - 0x00007ff813883000 	C:\WINDOWS\system32\cfgmgr32.dll
0x000000006f620000 - 0x000000006f62f000 	C:\Program Files\Java\jdk1.8.0_101\jre\bin\verify.dll
0x000000006f5f0000 - 0x000000006f619000 	C:\Program Files\Java\jdk1.8.0_101\jre\bin\java.dll
0x000000006f5d0000 - 0x000000006f5e6000 	C:\Program Files\Java\jdk1.8.0_101\jre\bin\zip.dll
0x00007ff814aa0000 - 0x00007ff815ffc000 	C:\WINDOWS\system32\SHELL32.dll
0x00007ff813000000 - 0x00007ff813645000 	C:\WINDOWS\system32\windows.storage.dll
0x00007ff816110000 - 0x00007ff816162000 	C:\WINDOWS\system32\shlwapi.dll
0x00007ff812e20000 - 0x00007ff812e2f000 	C:\WINDOWS\system32\kernel.appcore.dll
0x00007ff812f40000 - 0x00007ff812ff5000 	C:\WINDOWS\system32\shcore.dll
0x00007ff812db0000 - 0x00007ff812dfb000 	C:\WINDOWS\system32\powrprof.dll
0x00007ff812e00000 - 0x00007ff812e14000 	C:\WINDOWS\system32\profapi.dll
0x000000006f5b0000 - 0x000000006f5ca000 	C:\Program Files\Java\jdk1.8.0_101\jre\bin\net.dll
0x00007ff812680000 - 0x00007ff8126dc000 	C:\WINDOWS\system32\mswsock.dll
0x000000006f590000 - 0x000000006f5a1000 	C:\Program Files\Java\jdk1.8.0_101\jre\bin\nio.dll
0x00007ff805d30000 - 0x00007ff805d42000 	C:\Users\Addison\.gradle\native\19\windows-amd64\native-platform.dll
0x00007ff812730000 - 0x00007ff812747000 	C:\WINDOWS\SYSTEM32\CRYPTSP.dll
0x00007ff8123c0000 - 0x00007ff8123f4000 	C:\WINDOWS\system32\rsaenh.dll
0x00007ff812ce0000 - 0x00007ff812d09000 	C:\WINDOWS\SYSTEM32\bcrypt.dll
0x00007ff812510000 - 0x00007ff81252f000 	C:\WINDOWS\SYSTEM32\USERENV.dll
0x00007ff812850000 - 0x00007ff81285b000 	C:\WINDOWS\SYSTEM32\CRYPTBASE.dll
0x00007ff80aea0000 - 0x00007ff80aed8000 	C:\WINDOWS\SYSTEM32\IPHLPAPI.DLL
0x00007ff816440000 - 0x00007ff816448000 	C:\WINDOWS\system32\NSI.dll
0x00007ff80a3e0000 - 0x00007ff80a3f6000 	C:\WINDOWS\SYSTEM32\dhcpcsvc6.DLL
0x00007ff80a760000 - 0x00007ff80a77a000 	C:\WINDOWS\SYSTEM32\dhcpcsvc.DLL
0x000000006f390000 - 0x000000006f39d000 	C:\Program Files\Java\jdk1.8.0_101\jre\bin\management.dll

VM Arguments:
jvm_args: -XX:MaxPermSize=256m -XX:+HeapDumpOnOutOfMemoryError -Xmx1024m -Dfile.encoding=windows-1252 -Duser.country=GB -Duser.language=en -Duser.variant 
java_command: org.gradle.launcher.daemon.bootstrap.GradleDaemon 2.14.1
java_class_path (initial): C:\Program Files\Android\Android Studio\gradle\gradle-2.14.1\lib\gradle-launcher-2.14.1.jar
Launcher Type: SUN_STANDARD

Environment Variables:
PATH=C:\ProgramData\Oracle\Java\javapath;C:\Program Files (x86)\Intel\iCLS Client\;C:\Program Files\Intel\iCLS Client\;C:\WINDOWS\system32;C:\WINDOWS;C:\WINDOWS\System32\Wbem;C:\WINDOWS\System32\WindowsPowerShell\v1.0\;C:\Program Files (x86)\Intel\Intel(R) Management Engine Components\DAL;C:\Program Files\Intel\Intel(R) Management Engine Components\DAL;C:\Program Files (x86)\Intel\Intel(R) Management Engine Components\IPT;C:\Program Files\Intel\Intel(R) Management Engine Components\IPT;C:\Program Files\Intel\WiFi\bin\;C:\Program Files\Common Files\Intel\WirelessCommon\;C:\Program Files (x86)\Skype\Phone\;C:\Program Files\Java\jdk1.7.0_79\bin
USERNAME=Addison
OS=Windows_NT
PROCESSOR_IDENTIFIER=Intel64 Family 6 Model 78 Stepping 3, GenuineIntel



---------------  S Y S T E M  ---------------

OS: Windows 10.0 , 64 bit Build 10586 (10.0.10586.0)

CPU:total 4 (2 cores per cpu, 2 threads per core) family 6 model 78 stepping 3, cmov, cx8, fxsr, mmx, sse, sse2, sse3, ssse3, sse4.1, sse4.2, popcnt, avx, avx2, aes, clmul, erms, 3dnowpref, lzcnt, ht, tsc, tscinvbit, bmi1, bmi2, adx

Memory: 4k page, physical 8285268k(861720k free), swap 13982024k(4944k free)

vm_info: Java HotSpot(TM) 64-Bit Server VM (25.101-b13) for windows-amd64 JRE (1.8.0_101-b13), built on Jun 22 2016 01:21:29 by "java_re" with MS VC++ 10.0 (VS2010)

time: Tue Aug 30 13:27:10 2016
elapsed time: 20 seconds (0d 0h 0m 20s)

