#
# There is insufficient memory for the Java Runtime Environment to continue.
# Native memory allocation (malloc) failed to allocate 1314576 bytes for Chunk::new
# Possible reasons:
#   The system is out of physical RAM or swap space
#   In 32 bit mode, the process size limit was hit
# Possible solutions:
#   Reduce memory load on the system
#   Increase physical memory or swap space
#   Check if swap backing store is full
#   Use 64 bit Java on a 64 bit OS
#   Decrease Java heap size (-Xmx/-Xms)
#   Decrease number of Java threads
#   Decrease Java thread stack sizes (-Xss)
#   Set larger code cache with -XX:ReservedCodeCacheSize=
# This output file may be truncated or incomplete.
#
#  Out of Memory Error (allocation.cpp:390), pid=12952, tid=0x0000000000002d40
#
# JRE version: Java(TM) SE Runtime Environment (8.0_101-b13) (build 1.8.0_101-b13)
# Java VM: Java HotSpot(TM) 64-Bit Server VM (25.101-b13 mixed mode windows-amd64 compressed oops)
# Failed to write core dump. Minidumps are not enabled by default on client versions of Windows
#

---------------  T H R E A D  ---------------

Current thread (0x0000000014cd1800):  JavaThread "C2 CompilerThread1" daemon [_thread_in_native, id=11584, stack(0x0000000016430000,0x0000000016530000)]

Stack: [0x0000000016430000,0x0000000016530000]
[error occurred during error reporting (printing stack bounds), id 0xc0000005]

Native frames: (J=compiled Java code, j=interpreted, Vv=VM code, C=native code)


Current CompileTask:
C2:  72553 10656       4       com.android.utils.PositionXmlParser::getPositionHelper (757 bytes)


---------------  P R O C E S S  ---------------

Java Threads: ( => current thread )
  0x00000000170ee000 JavaThread "stdout" daemon [_thread_in_native, id=10652, stack(0x0000000025ab0000,0x0000000025bb0000)]
  0x00000000170ed000 JavaThread "stderr" daemon [_thread_in_native, id=5368, stack(0x00000000259b0000,0x0000000025ab0000)]
  0x00000000170ec800 JavaThread "stdout" daemon [_thread_in_native, id=12188, stack(0x00000000258b0000,0x00000000259b0000)]
  0x00000000170f0000 JavaThread "stderr" daemon [_thread_in_native, id=10976, stack(0x00000000257b0000,0x00000000258b0000)]
  0x000000001e3b1800 JavaThread "stdout" daemon [_thread_in_native, id=10532, stack(0x00000000256b0000,0x00000000257b0000)]
  0x000000001e3b0800 JavaThread "stderr" daemon [_thread_in_native, id=9516, stack(0x00000000255b0000,0x00000000256b0000)]
  0x000000001e3b0000 JavaThread "stdout" daemon [_thread_in_native, id=6784, stack(0x00000000254b0000,0x00000000255b0000)]
  0x000000001e3af000 JavaThread "stderr" daemon [_thread_in_native, id=8904, stack(0x00000000253b0000,0x00000000254b0000)]
  0x000000001e3ae800 JavaThread "stdout" daemon [_thread_in_native, id=5012, stack(0x00000000252b0000,0x00000000253b0000)]
  0x000000001e3ad800 JavaThread "stderr" daemon [_thread_in_native, id=9288, stack(0x00000000251b0000,0x00000000252b0000)]
  0x000000001e3a6000 JavaThread "stdout" daemon [_thread_in_native, id=10300, stack(0x00000000250b0000,0x00000000251b0000)]
  0x000000001e3ad000 JavaThread "stderr" daemon [_thread_in_native, id=11568, stack(0x0000000024fb0000,0x00000000250b0000)]
  0x000000001e3ac000 JavaThread "png-cruncher_30" daemon [_thread_blocked, id=3256, stack(0x0000000024eb0000,0x0000000024fb0000)]
  0x000000001e3ab800 JavaThread "png-cruncher_29" daemon [_thread_blocked, id=1160, stack(0x0000000024db0000,0x0000000024eb0000)]
  0x000000001e3a5800 JavaThread "png-cruncher_28" daemon [_thread_blocked, id=6860, stack(0x0000000024cb0000,0x0000000024db0000)]
  0x000000001e3a4000 JavaThread "png-cruncher_27" daemon [_thread_blocked, id=6168, stack(0x0000000024bb0000,0x0000000024cb0000)]
  0x000000001e3aa800 JavaThread "png-cruncher_26" daemon [_thread_blocked, id=9804, stack(0x0000000024ab0000,0x0000000024bb0000)]
  0x000000001e3aa000 JavaThread "stdout" daemon [_thread_in_native, id=11296, stack(0x00000000249b0000,0x0000000024ab0000)]
  0x000000001e3a2800 JavaThread "stderr" daemon [_thread_in_native, id=4616, stack(0x00000000248b0000,0x00000000249b0000)]
  0x000000001e3a9000 JavaThread "png-cruncher_25" daemon [_thread_blocked, id=11556, stack(0x00000000247b0000,0x00000000248b0000)]
  0x000000001e3a3000 JavaThread "png-cruncher_24" daemon [_thread_blocked, id=2868, stack(0x00000000246b0000,0x00000000247b0000)]
  0x000000001e3a7800 JavaThread "png-cruncher_23" daemon [_thread_blocked, id=12352, stack(0x00000000245b0000,0x00000000246b0000)]
  0x000000001e3a7000 JavaThread "png-cruncher_22" daemon [_thread_blocked, id=3048, stack(0x00000000244b0000,0x00000000245b0000)]
  0x000000001e3a4800 JavaThread "png-cruncher_21" daemon [_thread_blocked, id=9460, stack(0x00000000243b0000,0x00000000244b0000)]
  0x000000001e3a8800 JavaThread "stdout" daemon [_thread_in_native, id=10324, stack(0x00000000242b0000,0x00000000243b0000)]
  0x0000000017c1e000 JavaThread "stderr" daemon [_thread_in_native, id=11888, stack(0x00000000241b0000,0x00000000242b0000)]
  0x0000000017c21000 JavaThread "stdout" daemon [_thread_in_native, id=9464, stack(0x00000000240b0000,0x00000000241b0000)]
  0x0000000017c1d000 JavaThread "stderr" daemon [_thread_in_native, id=11248, stack(0x0000000023fb0000,0x00000000240b0000)]
  0x0000000017c24000 JavaThread "stdout" daemon [_thread_in_native, id=11944, stack(0x0000000023eb0000,0x0000000023fb0000)]
  0x0000000017c23000 JavaThread "stderr" daemon [_thread_in_native, id=5208, stack(0x0000000023db0000,0x0000000023eb0000)]
  0x000000001af36800 JavaThread "png-cruncher_20" daemon [_thread_blocked, id=8540, stack(0x0000000023cb0000,0x0000000023db0000)]
  0x000000001af35800 JavaThread "png-cruncher_19" daemon [_thread_blocked, id=11268, stack(0x0000000023bb0000,0x0000000023cb0000)]
  0x000000001af35000 JavaThread "png-cruncher_18" daemon [_thread_blocked, id=11932, stack(0x0000000023ab0000,0x0000000023bb0000)]
  0x000000001af34000 JavaThread "png-cruncher_17" daemon [_thread_blocked, id=1056, stack(0x00000000239b0000,0x0000000023ab0000)]
  0x000000001af33800 JavaThread "png-cruncher_16" daemon [_thread_blocked, id=11688, stack(0x00000000238b0000,0x00000000239b0000)]
  0x000000001af2c000 JavaThread "png-cruncher_15" daemon [_thread_blocked, id=6624, stack(0x00000000237b0000,0x00000000238b0000)]
  0x000000001af32800 JavaThread "png-cruncher_14" daemon [_thread_blocked, id=6764, stack(0x00000000236b0000,0x00000000237b0000)]
  0x000000001af2b000 JavaThread "png-cruncher_13" daemon [_thread_blocked, id=9112, stack(0x00000000235b0000,0x00000000236b0000)]
  0x000000001af32000 JavaThread "png-cruncher_12" daemon [_thread_blocked, id=3264, stack(0x00000000234b0000,0x00000000235b0000)]
  0x000000001af31000 JavaThread "png-cruncher_11" daemon [_thread_blocked, id=1132, stack(0x00000000233b0000,0x00000000234b0000)]
  0x000000001af30800 JavaThread "pool-3-thread-4" [_thread_blocked, id=7428, stack(0x00000000232b0000,0x00000000233b0000)]
  0x000000001af2f800 JavaThread "pool-3-thread-3" [_thread_blocked, id=10868, stack(0x00000000231b0000,0x00000000232b0000)]
  0x000000001af28000 JavaThread "pool-3-thread-2" [_thread_blocked, id=9556, stack(0x00000000230b0000,0x00000000231b0000)]
  0x000000001af2f000 JavaThread "pool-3-thread-1" [_thread_blocked, id=10784, stack(0x0000000022fb0000,0x00000000230b0000)]
  0x000000001af29800 JavaThread "Stdin handler" [_thread_blocked, id=12368, stack(0x0000000022eb0000,0x0000000022fb0000)]
  0x000000001af29000 JavaThread "Asynchronous log dispatcher for org.gradle.launcher.daemon.server.DefaultDaemonConnection@1da73540" [_thread_blocked, id=12076, stack(0x0000000022db0000,0x0000000022eb0000)]
  0x000000001af2c800 JavaThread "Cancel handler" [_thread_blocked, id=2060, stack(0x0000000022cb0000,0x0000000022db0000)]
  0x000000001af2e000 JavaThread "Handler for socket connection from /127.0.0.1:61083 to /127.0.0.1:61450" [_thread_in_native, id=6896, stack(0x0000000022bb0000,0x0000000022cb0000)]
  0x0000000017c21800 JavaThread "File lock request listener" [_thread_in_native, id=6900, stack(0x000000001a870000,0x000000001a970000)]
  0x00000000177ba800 JavaThread "Daemon worker" [_thread_in_native, id=11016, stack(0x0000000018fa0000,0x00000000190a0000)]
  0x0000000017a9b000 JavaThread "Daemon" [_thread_blocked, id=672, stack(0x0000000018ca0000,0x0000000018da0000)]
  0x00000000176d5800 JavaThread "Incoming local TCP Connector on port 61083" [_thread_in_native, id=8708, stack(0x00000000188c0000,0x00000000189c0000)]
  0x0000000017778800 JavaThread "pool-1-thread-1" [_thread_blocked, id=11716, stack(0x00000000187c0000,0x00000000188c0000)]
  0x0000000016668800 JavaThread "Service Thread" daemon [_thread_blocked, id=13032, stack(0x0000000016a30000,0x0000000016b30000)]
  0x0000000014cd4800 JavaThread "C1 CompilerThread2" daemon [_thread_blocked, id=5604, stack(0x0000000016530000,0x0000000016630000)]
=>0x0000000014cd1800 JavaThread "C2 CompilerThread1" daemon [_thread_in_native, id=11584, stack(0x0000000016430000,0x0000000016530000)]
  0x0000000014ccf000 JavaThread "C2 CompilerThread0" daemon [_thread_blocked, id=1044, stack(0x0000000016330000,0x0000000016430000)]
  0x0000000014ccd800 JavaThread "Attach Listener" daemon [_thread_blocked, id=8828, stack(0x0000000016230000,0x0000000016330000)]
  0x0000000014ccc000 JavaThread "Signal Dispatcher" daemon [_thread_blocked, id=11824, stack(0x0000000016130000,0x0000000016230000)]
  0x00000000025fb800 JavaThread "Finalizer" daemon [_thread_blocked, id=12044, stack(0x0000000015f50000,0x0000000016050000)]
  0x00000000025f1000 JavaThread "Reference Handler" daemon [_thread_blocked, id=9336, stack(0x0000000015e50000,0x0000000015f50000)]
  0x00000000024ce000 JavaThread "main" [_thread_blocked, id=10020, stack(0x0000000002320000,0x0000000002420000)]

Other Threads:
  0x0000000014c97000 VMThread [stack: 0x0000000015d50000,0x0000000015e50000] [id=7452]
  0x0000000016683800 WatcherThread [stack: 0x0000000016b30000,0x0000000016c30000] [id=11444]

VM state:not at safepoint (normal execution)

VM Mutex/Monitor currently owned by a thread: None

Heap:
 PSYoungGen      total 190976K, used 43454K [0x00000000eab00000, 0x00000000f8a80000, 0x0000000100000000)
  eden space 166400K, 11% used [0x00000000eab00000,0x00000000ebd713f0,0x00000000f4d80000)
  from space 24576K, 99% used [0x00000000f7280000,0x00000000f8a7e7c8,0x00000000f8a80000)
  to   space 25088K, 0% used [0x00000000f4d80000,0x00000000f4d80000,0x00000000f6600000)
 ParOldGen       total 128512K, used 41687K [0x00000000c0000000, 0x00000000c7d80000, 0x00000000eab00000)
  object space 128512K, 32% used [0x00000000c0000000,0x00000000c28b5d98,0x00000000c7d80000)
 Metaspace       used 56763K, capacity 58802K, committed 59008K, reserved 1099776K
  class space    used 7612K, capacity 8021K, committed 8064K, reserved 1048576K

Card table byte_map: [0x00000000119c0000,0x0000000011bd0000] byte_map_base: 0x00000000113c0000

Marking Bits: (ParMarkBitMap*) 0x000000006ff2a6d0
 Begin Bits: [0x0000000012130000, 0x0000000013130000)
 End Bits:   [0x0000000013130000, 0x0000000014130000)

Polling page: 0x00000000003f0000

CodeCache: size=245760Kb used=32700Kb max_used=32789Kb free=213059Kb
 bounds [0x0000000002600000, 0x0000000004630000, 0x0000000011600000]
 total_blobs=9815 nmethods=9073 adapters=653
 compilation: enabled

Compilation events (10 events):
Event: 72.308 Thread 0x0000000014cd4800 nmethod 10708 0x0000000002975590 code [0x0000000002975700, 0x0000000002975a70]
Event: 72.308 Thread 0x0000000014cd4800 10709       3       com.google.common.cache.LocalCache$StrongEntry::<init> (27 bytes)
Event: 72.308 Thread 0x0000000014cd4800 nmethod 10709 0x0000000004629410 code [0x0000000004629580, 0x0000000004629830]
Event: 72.395 Thread 0x0000000014ccf000 nmethod 10702 0x0000000004033ad0 code [0x0000000004033de0, 0x0000000004036750]
Event: 72.395 Thread 0x0000000014ccf000 10705       4       com.sun.org.apache.xerces.internal.dom.CoreDocumentImpl::callUserDataHandlers (98 bytes)
Event: 72.441 Thread 0x0000000014ccf000 nmethod 10705 0x0000000004039b10 code [0x0000000004039ca0, 0x000000000403a998]
Event: 72.441 Thread 0x0000000014ccf000 10710       4       java.util.ArrayDeque::removeFirst (19 bytes)
Event: 72.443 Thread 0x0000000014ccf000 nmethod 10710 0x0000000002cbf990 code [0x0000000002cbfac0, 0x0000000002cbfb78]
Event: 72.443 Thread 0x0000000014ccf000 10704       4       com.sun.org.apache.xerces.internal.dom.ParentNode::removeChild (7 bytes)
Event: 72.455 Thread 0x0000000014ccf000 nmethod 10704 0x0000000002d73b10 code [0x0000000002d73ca0, 0x0000000002d74118]

GC Heap History (10 events):
Event: 22.737 GC heap before
{Heap before GC invocations=13 (full 3):
 PSYoungGen      total 167424K, used 146944K [0x00000000eab00000, 0x00000000f6f80000, 0x0000000100000000)
  eden space 146944K, 100% used [0x00000000eab00000,0x00000000f3a80000,0x00000000f3a80000)
  from space 20480K, 0% used [0x00000000f3a80000,0x00000000f3a80000,0x00000000f4e80000)
  to   space 24064K, 0% used [0x00000000f5800000,0x00000000f5800000,0x00000000f6f80000)
 ParOldGen       total 128512K, used 38906K [0x00000000c0000000, 0x00000000c7d80000, 0x00000000eab00000)
  object space 128512K, 30% used [0x00000000c0000000,0x00000000c25fea30,0x00000000c7d80000)
 Metaspace       used 50247K, capacity 51598K, committed 51840K, reserved 1093632K
  class space    used 6900K, capacity 7193K, committed 7296K, reserved 1048576K
Event: 22.747 GC heap after
Heap after GC invocations=13 (full 3):
 PSYoungGen      total 177664K, used 7211K [0x00000000eab00000, 0x00000000f7900000, 0x0000000100000000)
  eden space 153600K, 0% used [0x00000000eab00000,0x00000000eab00000,0x00000000f4100000)
  from space 24064K, 29% used [0x00000000f5800000,0x00000000f5f0ad68,0x00000000f6f80000)
  to   space 23552K, 0% used [0x00000000f4100000,0x00000000f4100000,0x00000000f5800000)
 ParOldGen       total 128512K, used 38914K [0x00000000c0000000, 0x00000000c7d80000, 0x00000000eab00000)
  object space 128512K, 30% used [0x00000000c0000000,0x00000000c2600a30,0x00000000c7d80000)
 Metaspace       used 50247K, capacity 51598K, committed 51840K, reserved 1093632K
  class space    used 6900K, capacity 7193K, committed 7296K, reserved 1048576K
}
Event: 34.775 GC heap before
{Heap before GC invocations=14 (full 3):
 PSYoungGen      total 177664K, used 160811K [0x00000000eab00000, 0x00000000f7900000, 0x0000000100000000)
  eden space 153600K, 100% used [0x00000000eab00000,0x00000000f4100000,0x00000000f4100000)
  from space 24064K, 29% used [0x00000000f5800000,0x00000000f5f0ad68,0x00000000f6f80000)
  to   space 23552K, 0% used [0x00000000f4100000,0x00000000f4100000,0x00000000f5800000)
 ParOldGen       total 128512K, used 38914K [0x00000000c0000000, 0x00000000c7d80000, 0x00000000eab00000)
  object space 128512K, 30% used [0x00000000c0000000,0x00000000c2600a30,0x00000000c7d80000)
 Metaspace       used 54292K, capacity 55838K, committed 55936K, reserved 1097728K
  class space    used 7362K, capacity 7719K, committed 7808K, reserved 1048576K
Event: 34.816 GC heap after
Heap after GC invocations=14 (full 3):
 PSYoungGen      total 177152K, used 21152K [0x00000000eab00000, 0x00000000f8380000, 0x0000000100000000)
  eden space 153600K, 0% used [0x00000000eab00000,0x00000000eab00000,0x00000000f4100000)
  from space 23552K, 89% used [0x00000000f4100000,0x00000000f55a80b0,0x00000000f5800000)
  to   space 26112K, 0% used [0x00000000f6a00000,0x00000000f6a00000,0x00000000f8380000)
 ParOldGen       total 128512K, used 38922K [0x00000000c0000000, 0x00000000c7d80000, 0x00000000eab00000)
  object space 128512K, 30% used [0x00000000c0000000,0x00000000c2602a30,0x00000000c7d80000)
 Metaspace       used 54292K, capacity 55838K, committed 55936K, reserved 1097728K
  class space    used 7362K, capacity 7719K, committed 7808K, reserved 1048576K
}
Event: 59.456 GC heap before
{Heap before GC invocations=15 (full 3):
 PSYoungGen      total 177152K, used 174752K [0x00000000eab00000, 0x00000000f8380000, 0x0000000100000000)
  eden space 153600K, 100% used [0x00000000eab00000,0x00000000f4100000,0x00000000f4100000)
  from space 23552K, 89% used [0x00000000f4100000,0x00000000f55a80b0,0x00000000f5800000)
  to   space 26112K, 0% used [0x00000000f6a00000,0x00000000f6a00000,0x00000000f8380000)
 ParOldGen       total 128512K, used 38922K [0x00000000c0000000, 0x00000000c7d80000, 0x00000000eab00000)
  object space 128512K, 30% used [0x00000000c0000000,0x00000000c2602a30,0x00000000c7d80000)
 Metaspace       used 55629K, capacity 57366K, committed 57600K, reserved 1099776K
  class space    used 7535K, capacity 7899K, committed 7936K, reserved 1048576K
Event: 59.470 GC heap after
Heap after GC invocations=15 (full 3):
 PSYoungGen      total 187392K, used 8709K [0x00000000eab00000, 0x00000000f7e80000, 0x0000000100000000)
  eden space 166400K, 0% used [0x00000000eab00000,0x00000000eab00000,0x00000000f4d80000)
  from space 20992K, 41% used [0x00000000f6a00000,0x00000000f7281710,0x00000000f7e80000)
  to   space 25088K, 0% used [0x00000000f4d80000,0x00000000f4d80000,0x00000000f6600000)
 ParOldGen       total 128512K, used 38930K [0x00000000c0000000, 0x00000000c7d80000, 0x00000000eab00000)
  object space 128512K, 30% used [0x00000000c0000000,0x00000000c2604a30,0x00000000c7d80000)
 Metaspace       used 55629K, capacity 57366K, committed 57600K, reserved 1099776K
  class space    used 7535K, capacity 7899K, committed 7936K, reserved 1048576K
}
Event: 65.206 GC heap before
{Heap before GC invocations=16 (full 3):
 PSYoungGen      total 187392K, used 175109K [0x00000000eab00000, 0x00000000f7e80000, 0x0000000100000000)
  eden space 166400K, 100% used [0x00000000eab00000,0x00000000f4d80000,0x00000000f4d80000)
  from space 20992K, 41% used [0x00000000f6a00000,0x00000000f7281710,0x00000000f7e80000)
  to   space 25088K, 0% used [0x00000000f4d80000,0x00000000f4d80000,0x00000000f6600000)
 ParOldGen       total 128512K, used 38930K [0x00000000c0000000, 0x00000000c7d80000, 0x00000000eab00000)
  object space 128512K, 30% used [0x00000000c0000000,0x00000000c2604a30,0x00000000c7d80000)
 Metaspace       used 56410K, capacity 58368K, committed 58496K, reserved 1099776K
  class space    used 7601K, capacity 8002K, committed 8064K, reserved 1048576K
Event: 65.233 GC heap after
Heap after GC invocations=16 (full 3):
 PSYoungGen      total 191488K, used 12935K [0x00000000eab00000, 0x00000000f8a80000, 0x0000000100000000)
  eden space 166400K, 0% used [0x00000000eab00000,0x00000000eab00000,0x00000000f4d80000)
  from space 25088K, 51% used [0x00000000f4d80000,0x00000000f5a21dd8,0x00000000f6600000)
  to   space 24576K, 0% used [0x00000000f7280000,0x00000000f7280000,0x00000000f8a80000)
 ParOldGen       total 128512K, used 38938K [0x00000000c0000000, 0x00000000c7d80000, 0x00000000eab00000)
  object space 128512K, 30% used [0x00000000c0000000,0x00000000c2606a30,0x00000000c7d80000)
 Metaspace       used 56410K, capacity 58368K, committed 58496K, reserved 1099776K
  class space    used 7601K, capacity 8002K, committed 8064K, reserved 1048576K
}
Event: 71.173 GC heap before
{Heap before GC invocations=17 (full 3):
 PSYoungGen      total 191488K, used 179335K [0x00000000eab00000, 0x00000000f8a80000, 0x0000000100000000)
  eden space 166400K, 100% used [0x00000000eab00000,0x00000000f4d80000,0x00000000f4d80000)
  from space 25088K, 51% used [0x00000000f4d80000,0x00000000f5a21dd8,0x00000000f6600000)
  to   space 24576K, 0% used [0x00000000f7280000,0x00000000f7280000,0x00000000f8a80000)
 ParOldGen       total 128512K, used 38938K [0x00000000c0000000, 0x00000000c7d80000, 0x00000000eab00000)
  object space 128512K, 30% used [0x00000000c0000000,0x00000000c2606a30,0x00000000c7d80000)
 Metaspace       used 56752K, capacity 58802K, committed 59008K, reserved 1099776K
  class space    used 7612K, capacity 8021K, committed 8064K, reserved 1048576K
Event: 71.251 GC heap after
Heap after GC invocations=17 (full 3):
 PSYoungGen      total 190976K, used 24569K [0x00000000eab00000, 0x00000000f8a80000, 0x0000000100000000)
  eden space 166400K, 0% used [0x00000000eab00000,0x00000000eab00000,0x00000000f4d80000)
  from space 24576K, 99% used [0x00000000f7280000,0x00000000f8a7e7c8,0x00000000f8a80000)
  to   space 25088K, 0% used [0x00000000f4d80000,0x00000000f4d80000,0x00000000f6600000)
 ParOldGen       total 128512K, used 41687K [0x00000000c0000000, 0x00000000c7d80000, 0x00000000eab00000)
  object space 128512K, 32% used [0x00000000c0000000,0x00000000c28b5d98,0x00000000c7d80000)
 Metaspace       used 56752K, capacity 58802K, committed 59008K, reserved 1099776K
  class space    used 7612K, capacity 8021K, committed 8064K, reserved 1048576K
}

Deoptimization events (10 events):
Event: 67.089 Thread 0x00000000177ba800 Uncommon trap: reason=unstable_if action=reinterpret pc=0x0000000003ea12f8 method=sun.nio.cs.UTF_8$Decoder.decodeArrayLoop(Ljava/nio/ByteBuffer;Ljava/nio/CharBuffer;)Ljava/nio/charset/CoderResult; @ 287
Event: 67.119 Thread 0x00000000177ba800 Uncommon trap: reason=unstable_if action=reinterpret pc=0x0000000002b81764 method=com.sun.org.apache.xerces.internal.dom.ParentNode.getChildNodes()Lorg/w3c/dom/NodeList; @ 4
Event: 67.120 Thread 0x00000000177ba800 Uncommon trap: reason=unstable_if action=reinterpret pc=0x0000000003fa916c method=com.sun.org.apache.xerces.internal.dom.DeferredDocumentImpl.clearChunkIndex([[III)I @ 3
Event: 67.121 Thread 0x00000000177ba800 Uncommon trap: reason=unstable_if action=reinterpret pc=0x0000000003a0cd58 method=com.sun.org.apache.xerces.internal.dom.DeferredDocumentImpl.clearChunkIndex([[III)I @ 3
Event: 67.122 Thread 0x00000000177ba800 Uncommon trap: reason=unstable_if action=reinterpret pc=0x0000000003f5c22c method=com.sun.org.apache.xerces.internal.dom.DeferredDocumentImpl.clearChunkIndex([[III)I @ 3
Event: 69.693 Thread 0x00000000177ba800 Uncommon trap: reason=class_check action=maybe_recompile pc=0x0000000003f3d63c method=com.sun.org.apache.xerces.internal.impl.XMLEntityScanner.invokeListeners(I)V @ 21
Event: 69.838 Thread 0x00000000177ba800 Uncommon trap: reason=class_check action=maybe_recompile pc=0x0000000002b92b3c method=com.sun.org.apache.xerces.internal.dom.AttrImpl.getOwnerElement()Lorg/w3c/dom/Element; @ 18
Event: 69.838 Thread 0x00000000177ba800 Uncommon trap: reason=class_check action=maybe_recompile pc=0x0000000002b92b3c method=com.sun.org.apache.xerces.internal.dom.AttrImpl.getOwnerElement()Lorg/w3c/dom/Element; @ 18
Event: 69.838 Thread 0x00000000177ba800 Uncommon trap: reason=class_check action=maybe_recompile pc=0x0000000002cc6df0 method=com.sun.org.apache.xerces.internal.dom.AttrImpl.getOwnerElement()Lorg/w3c/dom/Element; @ 18
Event: 70.010 Thread 0x00000000177ba800 Uncommon trap: reason=class_check action=maybe_recompile pc=0x0000000002cc0c04 method=java.io.Writer.append(Ljava/lang/CharSequence;)Ljava/io/Writer; @ 20

Internal exceptions (10 events):
Event: 60.304 Thread 0x00000000177ba800 Exception <a 'java/lang/ClassNotFoundException': org/jetbrains/plugins/gradle/model/DefaultExternalProjectCustomizer> (0x00000000ef04e2d0) thrown at [C:\re\workspace\8-2-build-windows-amd64-cygwin\jdk8u101\7261\hotspot\src\share\vm\classfile\systemDictiona­ÖÖÔ+)N@
Event: 60.322 Thread 0x00000000177ba800 Exception <a 'java/lang/ClassNotFoundException': org/jetbrains/plugins/gradle/model/DefaultExternalTaskBeanInfo> (0x00000000ef0e9cb0) thrown at [C:\re\workspace\8-2-build-windows-amd64-cygwin\jdk8u101\7261\hotspot\src\share\vm\classfile\systemDictionary.cp·û>)N@
Event: 60.322 Thread 0x00000000177ba800 Exception <a 'java/lang/ClassNotFoundException': org/jetbrains/plugins/gradle/model/DefaultExternalTaskCustomizer> (0x00000000ef0f59b8) thrown at [C:\re\workspace\8-2-build-windows-amd64-cygwin\jdk8u101\7261\hotspot\src\share\vm\classfile\systemDictionary.Èû3*…6N@
Event: 60.426 Thread 0x00000000177ba800 Exception <a 'java/lang/ClassNotFoundException': org/jetbrains/plugins/gradle/model/DefaultExternalPluginBeanInfo> (0x00000000ef22ede0) thrown at [C:\re\workspace\8-2-build-windows-amd64-cygwin\jdk8u101\7261\hotspot\src\share\vm\classfile\systemDictionary.n8Ï•6N@
Event: 60.426 Thread 0x00000000177ba800 Exception <a 'java/lang/ClassNotFoundException': org/jetbrains/plugins/gradle/model/DefaultExternalPluginCustomizer> (0x00000000ef23a7c0) thrown at [C:\re\workspace\8-2-build-windows-amd64-cygwin\jdk8u101\7261\hotspot\src\share\vm\classfile\systemDictionar?W­Ú“O@
Event: 63.149 Thread 0x00000000177ba800 Exception <a 'java/lang/ClassNotFoundException': asLocalRepo167_7haesoyzh9ndnad5lbwo02smiBeanInfo> (0x00000000ef66f2b8) thrown at [C:\re\workspace\8-2-build-windows-amd64-cygwin\jdk8u101\7261\hotspot\src\share\vm\classfile\systemDictionary.cpp, line 210]
Event: 63.151 Thread 0x00000000177ba800 Exception <a 'java/lang/ClassNotFoundException': asLocalRepo167_7haesoyzh9ndnad5lbwo02smiCustomizer> (0x00000000ef678e70) thrown at [C:\re\workspace\8-2-build-windows-amd64-cygwin\jdk8u101\7261\hotspot\src\share\vm\classfile\systemDictionary.cpp, line 210]êŒËõ®ÇP@
Event: 67.120 Thread 0x00000000177ba800 Implicit null exception at 0x0000000003fa7b80 to 0x0000000003fa9105
Event: 67.120 Thread 0x00000000177ba800 Implicit null exception at 0x0000000003a0cc9a to 0x0000000003a0cd41
Event: 67.122 Thread 0x00000000177ba800 Implicit null exception at 0x0000000003f5bcb4 to 0x0000000003f5c1fd

Events (10 events):
Event: 71.573 Thread 0x0000000014cd4800 flushing nmethod 0x000000000338b450
Event: 71.602 Thread 0x0000000014ccf000 flushing nmethod 0x0000000003519950
Event: 71.607 Thread 0x0000000014ccf000 flushing nmethod 0x0000000003754550
Event: 71.607 Thread 0x0000000014ccf000 flushing nmethod 0x0000000003763910
Event: 71.696 Thread 0x0000000014cd4800 flushing nmethod 0x0000000003990210
Event: 71.696 Thread 0x0000000014cd4800 flushing nmethod 0x0000000003998bd0
Event: 71.696 Thread 0x0000000014cd4800 flushing nmethod 0x00000000039f8010
Event: 71.696 Thread 0x0000000014cd4800 flushing nmethod 0x0000000003a4a5d0
Event: 71.704 Thread 0x0000000014cd4800 flushing nmethod 0x0000000003ed2390
Event: 71.705 Thread 0x0000000014cd4800 flushing nmethod 0x000000000402d6d0


Dynamic libraries:
0x00007ff7a0e40000 - 0x00007ff7a0e77000 	C:\Program Files\Java\jdk1.8.0_101\bin\java.exe
0x00007ff816790000 - 0x00007ff816951000 	C:\WINDOWS\SYSTEM32\ntdll.dll
0x00007ff814840000 - 0x00007ff8148ed000 	C:\WINDOWS\system32\KERNEL32.DLL
0x00007ff813650000 - 0x00007ff813838000 	C:\WINDOWS\system32\KERNELBASE.dll
0x00007ff813bb0000 - 0x00007ff813c57000 	C:\WINDOWS\system32\ADVAPI32.dll
0x00007ff8163a0000 - 0x00007ff81643d000 	C:\WINDOWS\system32\msvcrt.dll
0x00007ff816450000 - 0x00007ff8164ab000 	C:\WINDOWS\system32\sechost.dll
0x00007ff813d30000 - 0x00007ff813e4c000 	C:\WINDOWS\system32\RPCRT4.dll
0x00007ff816170000 - 0x00007ff8162c6000 	C:\WINDOWS\system32\USER32.dll
0x00007ff816600000 - 0x00007ff816786000 	C:\WINDOWS\system32\GDI32.dll
0x00007ff803cb0000 - 0x00007ff803f24000 	C:\WINDOWS\WinSxS\amd64_microsoft.windows.common-controls_6595b64144ccf1df_6.0.10586.494_none_a2d8b04ea53e3145\COMCTL32.dll
0x00007ff8142d0000 - 0x00007ff81454d000 	C:\WINDOWS\system32\combase.dll
0x00007ff812e40000 - 0x00007ff812eaa000 	C:\WINDOWS\system32\bcryptPrimitives.dll
0x00007ff813e60000 - 0x00007ff813e9b000 	C:\WINDOWS\system32\IMM32.DLL
0x000000006f160000 - 0x000000006f232000 	C:\Program Files\Java\jdk1.8.0_101\jre\bin\msvcr100.dll
0x000000006f710000 - 0x000000006ffaa000 	C:\Program Files\Java\jdk1.8.0_101\jre\bin\server\jvm.dll
0x00007ff814660000 - 0x00007ff814668000 	C:\WINDOWS\system32\PSAPI.DLL
0x00007ff8049c0000 - 0x00007ff8049ca000 	C:\WINDOWS\SYSTEM32\VERSION.dll
0x00007ff8114b0000 - 0x00007ff8114d3000 	C:\WINDOWS\SYSTEM32\WINMM.dll
0x00007ff80f4a0000 - 0x00007ff80f4a9000 	C:\WINDOWS\SYSTEM32\WSOCK32.dll
0x00007ff8147d0000 - 0x00007ff81483b000 	C:\WINDOWS\system32\WS2_32.dll
0x00007ff811480000 - 0x00007ff8114ac000 	C:\WINDOWS\SYSTEM32\WINMMBASE.dll
0x00007ff813840000 - 0x00007ff813883000 	C:\WINDOWS\system32\cfgmgr32.dll
0x000000006f620000 - 0x000000006f62f000 	C:\Program Files\Java\jdk1.8.0_101\jre\bin\verify.dll
0x000000006f5f0000 - 0x000000006f619000 	C:\Program Files\Java\jdk1.8.0_101\jre\bin\java.dll
0x000000006f5d0000 - 0x000000006f5e6000 	C:\Program Files\Java\jdk1.8.0_101\jre\bin\zip.dll
0x00007ff814aa0000 - 0x00007ff815ffc000 	C:\WINDOWS\system32\SHELL32.dll
0x00007ff813000000 - 0x00007ff813645000 	C:\WINDOWS\system32\windows.storage.dll
0x00007ff816110000 - 0x00007ff816162000 	C:\WINDOWS\system32\shlwapi.dll
0x00007ff812e20000 - 0x00007ff812e2f000 	C:\WINDOWS\system32\kernel.appcore.dll
0x00007ff812f40000 - 0x00007ff812ff5000 	C:\WINDOWS\system32\shcore.dll
0x00007ff812db0000 - 0x00007ff812dfb000 	C:\WINDOWS\system32\powrprof.dll
0x00007ff812e00000 - 0x00007ff812e14000 	C:\WINDOWS\system32\profapi.dll
0x000000006f5b0000 - 0x000000006f5ca000 	C:\Program Files\Java\jdk1.8.0_101\jre\bin\net.dll
0x00007ff812680000 - 0x00007ff8126dc000 	C:\WINDOWS\system32\mswsock.dll
0x000000006f590000 - 0x000000006f5a1000 	C:\Program Files\Java\jdk1.8.0_101\jre\bin\nio.dll
0x00007ff805d30000 - 0x00007ff805d42000 	C:\Users\Addison\.gradle\native\19\windows-amd64\native-platform.dll
0x00007ff812730000 - 0x00007ff812747000 	C:\WINDOWS\SYSTEM32\CRYPTSP.dll
0x00007ff8123c0000 - 0x00007ff8123f4000 	C:\WINDOWS\system32\rsaenh.dll
0x00007ff812ce0000 - 0x00007ff812d09000 	C:\WINDOWS\SYSTEM32\bcrypt.dll
0x00007ff812510000 - 0x00007ff81252f000 	C:\WINDOWS\SYSTEM32\USERENV.dll
0x00007ff812850000 - 0x00007ff81285b000 	C:\WINDOWS\SYSTEM32\CRYPTBASE.dll
0x00007ff80aea0000 - 0x00007ff80aed8000 	C:\WINDOWS\SYSTEM32\IPHLPAPI.DLL
0x00007ff816440000 - 0x00007ff816448000 	C:\WINDOWS\system32\NSI.dll
0x00007ff80a3e0000 - 0x00007ff80a3f6000 	C:\WINDOWS\SYSTEM32\dhcpcsvc6.DLL
0x00007ff80a760000 - 0x00007ff80a77a000 	C:\WINDOWS\SYSTEM32\dhcpcsvc.DLL
0x000000006f390000 - 0x000000006f39d000 	C:\Program Files\Java\jdk1.8.0_101\jre\bin\management.dll

VM Arguments:
jvm_args: -XX:MaxPermSize=256m -XX:+HeapDumpOnOutOfMemoryError -Xmx1024m -Dfile.encoding=windows-1252 -Duser.country=GB -Duser.language=en -Duser.variant 
java_command: org.gradle.launcher.daemon.bootstrap.GradleDaemon 2.14.1
java_class_path (initial): C:\Program Files\Android\Android Studio\gradle\gradle-2.14.1\lib\gradle-launcher-2.14.1.jar
Launcher Type: SUN_STANDARD

Environment Variables:
PATH=C:\ProgramData\Oracle\Java\javapath;C:\Program Files (x86)\Intel\iCLS Client\;C:\Program Files\Intel\iCLS Client\;C:\WINDOWS\system32;C:\WINDOWS;C:\WINDOWS\System32\Wbem;C:\WINDOWS\System32\WindowsPowerShell\v1.0\;C:\Program Files (x86)\Intel\Intel(R) Management Engine Components\DAL;C:\Program Files\Intel\Intel(R) Management Engine Components\DAL;C:\Program Files (x86)\Intel\Intel(R) Management Engine Components\IPT;C:\Program Files\Intel\Intel(R) Management Engine Components\IPT;C:\Program Files\Intel\WiFi\bin\;C:\Program Files\Common Files\Intel\WirelessCommon\;C:\Program Files (x86)\Skype\Phone\;C:\Program Files\Java\jdk1.7.0_79\bin
USERNAME=Addison
OS=Windows_NT
PROCESSOR_IDENTIFIER=Intel64 Family 6 Model 78 Stepping 3, GenuineIntel



---------------  S Y S T E M  ---------------

OS: Windows 10.0 , 64 bit Build 10586 (10.0.10586.0)

CPU:total 4 (2 cores per cpu, 2 threads per core) family 6 model 78 stepping 3, cmov, cx8, fxsr, mmx, sse, sse2, sse3, ssse3, sse4.1, sse4.2, popcnt, avx, avx2, aes, clmul, erms, 3dnowpref, lzcnt, ht, tsc, tscinvbit, bmi1, bmi2, adx

Memory: 4k page, physical 8285268k(791888k free), swap 13982024k(5668k free)

vm_info: Java HotSpot(TM) 64-Bit Server VM (25.101-b13) for windows-amd64 JRE (1.8.0_101-b13), built on Jun 22 2016 01:21:29 by "java_re" with MS VC++ 10.0 (VS2010)

time: Tue Aug 30 13:20:52 2016
elapsed time: 72 seconds (0d 0h 1m 12s)

