#
# There is insufficient memory for the Java Runtime Environment to continue.
# Native memory allocation (malloc) failed to allocate 48016 bytes for Chunk::new
# Possible reasons:
#   The system is out of physical RAM or swap space
#   In 32 bit mode, the process size limit was hit
# Possible solutions:
#   Reduce memory load on the system
#   Increase physical memory or swap space
#   Check if swap backing store is full
#   Use 64 bit Java on a 64 bit OS
#   Decrease Java heap size (-Xmx/-Xms)
#   Decrease number of Java threads
#   Decrease Java thread stack sizes (-Xss)
#   Set larger code cache with -XX:ReservedCodeCacheSize=
# This output file may be truncated or incomplete.
#
#  Out of Memory Error (allocation.cpp:390), pid=2544, tid=0x0000000000001e2c
#
# JRE version: Java(TM) SE Runtime Environment (8.0_101-b13) (build 1.8.0_101-b13)
# Java VM: Java HotSpot(TM) 64-Bit Server VM (25.101-b13 mixed mode windows-amd64 compressed oops)
# Failed to write core dump. Minidumps are not enabled by default on client versions of Windows
#

---------------  T H R E A D  ---------------

Current thread (0x00000000149de000):  JavaThread "C2 CompilerThread1" daemon [_thread_in_native, id=7724, stack(0x0000000016120000,0x0000000016220000)]

Stack: [0x0000000016120000,0x0000000016220000]
[error occurred during error reporting (printing stack bounds), id 0xc0000005]

Native frames: (J=compiled Java code, j=interpreted, Vv=VM code, C=native code)


Current CompileTask:
C2:    401  138 %     4       java.lang.String::replace @ 20 (127 bytes)


---------------  P R O C E S S  ---------------

Java Threads: ( => current thread )
  0x000000001633e000 JavaThread "Service Thread" daemon [_thread_blocked, id=9476, stack(0x0000000016720000,0x0000000016820000)]
  0x00000000149ea800 JavaThread "C1 CompilerThread2" daemon [_thread_blocked, id=11272, stack(0x0000000016220000,0x0000000016320000)]
=>0x00000000149de000 JavaThread "C2 CompilerThread1" daemon [_thread_in_native, id=7724, stack(0x0000000016120000,0x0000000016220000)]
  0x00000000149da800 JavaThread "C2 CompilerThread0" daemon [_thread_in_native, id=10168, stack(0x0000000016020000,0x0000000016120000)]
  0x00000000149d9000 JavaThread "Attach Listener" daemon [_thread_blocked, id=10156, stack(0x0000000015f20000,0x0000000016020000)]
  0x00000000149ee000 JavaThread "Signal Dispatcher" daemon [_thread_blocked, id=10364, stack(0x0000000015e20000,0x0000000015f20000)]
  0x000000000230c800 JavaThread "Finalizer" daemon [_thread_blocked, id=9044, stack(0x0000000015c40000,0x0000000015d40000)]
  0x0000000002301000 JavaThread "Reference Handler" daemon [_thread_blocked, id=10380, stack(0x0000000015b40000,0x0000000015c40000)]
  0x0000000002211000 JavaThread "main" [_thread_in_vm, id=2588, stack(0x00000000020d0000,0x00000000021d0000)]

Other Threads:
  0x00000000149a7800 VMThread [stack: 0x0000000015a40000,0x0000000015b40000] [id=4256]
  0x0000000016347000 WatcherThread [stack: 0x0000000016820000,0x0000000016920000] [id=11920]

VM state:not at safepoint (normal execution)

VM Mutex/Monitor currently owned by a thread: None

Heap:
 PSYoungGen      total 38400K, used 9985K [0x00000000eab00000, 0x00000000ed580000, 0x0000000100000000)
  eden space 33280K, 30% used [0x00000000eab00000,0x00000000eb4c0460,0x00000000ecb80000)
  from space 5120K, 0% used [0x00000000ed080000,0x00000000ed080000,0x00000000ed580000)
  to   space 5120K, 0% used [0x00000000ecb80000,0x00000000ecb80000,0x00000000ed080000)
 ParOldGen       total 87552K, used 0K [0x00000000c0000000, 0x00000000c5580000, 0x00000000eab00000)
  object space 87552K, 0% used [0x00000000c0000000,0x00000000c0000000,0x00000000c5580000)
 Metaspace       used 3520K, capacity 4720K, committed 4864K, reserved 1056768K
  class space    used 383K, capacity 424K, committed 512K, reserved 1048576K

Card table byte_map: [0x00000000116d0000,0x00000000118e0000] byte_map_base: 0x00000000110d0000

Marking Bits: (ParMarkBitMap*) 0x000000006ff2a6d0
 Begin Bits: [0x0000000011e40000, 0x0000000012e40000)
 End Bits:   [0x0000000012e40000, 0x0000000013e40000)

Polling page: 0x0000000000670000

CodeCache: size=245760Kb used=1385Kb max_used=1398Kb free=244374Kb
 bounds [0x0000000002310000, 0x0000000002580000, 0x0000000011310000]
 total_blobs=393 nmethods=144 adapters=162
 compilation: enabled

Compilation events (10 events):
Event: 0.390 Thread 0x00000000149de000 nmethod 134 0x00000000024649d0 code [0x0000000002464b20, 0x0000000002464e18]
Event: 0.390 Thread 0x00000000149de000  137       4       java.util.regex.Pattern$BnM::match (161 bytes)
Event: 0.391 Thread 0x00000000149ea800  144  s    3       java.io.BufferedInputStream::read (113 bytes)
Event: 0.392 Thread 0x00000000149ea800 nmethod 144 0x0000000002463a90 code [0x0000000002463c80, 0x00000000024645d8]
Event: 0.395 Thread 0x00000000149ea800  145       3       java.io.DataInputStream::readFully (63 bytes)
Event: 0.395 Thread 0x00000000149ea800 nmethod 145 0x0000000002465c50 code [0x0000000002465e00, 0x0000000002466268]
Event: 0.397 Thread 0x00000000149ea800  146       3       java.io.BufferedInputStream::read1 (108 bytes)
Event: 0.398 Thread 0x00000000149ea800 nmethod 146 0x000000000246dc90 code [0x000000000246dea0, 0x000000000246e7d8]
Event: 0.398 Thread 0x00000000149de000 nmethod 137 0x00000000024652d0 code [0x0000000002465420, 0x0000000002465938]
Event: 0.398 Thread 0x00000000149de000  138 %     4       java.lang.String::replace @ 20 (127 bytes)

GC Heap History (0 events):
No events

Deoptimization events (0 events):
No events

Internal exceptions (2 events):
Event: 0.147 Thread 0x0000000002211000 Exception <a 'java/lang/NoSuchMethodError': Method sun.misc.Unsafe.defineClass(Ljava/lang/String;[BII)Ljava/lang/Class; name or signature does not match> (0x00000000eab07cc0) thrown at [C:\re\workspace\8-2-build-windows-amd64-cygwin\jdk8u101\7261\hotspot\sp (/šÅÂ?
Event: 0.147 Thread 0x0000000002211000 Exception <a 'java/lang/NoSuchMethodError': Method sun.misc.Unsafe.prefetchRead(Ljava/lang/Object;J)V name or signature does not match> (0x00000000eab07fa8) thrown at [C:\re\workspace\8-2-build-windows-amd64-cygwin\jdk8u101\7261\hotspot\src\share\vm\prims\

Events (10 events):
Event: 0.382 loading class sun/util/calendar/ZoneInfo
Event: 0.382 loading class sun/util/calendar/ZoneInfo done
Event: 0.382 loading class sun/util/calendar/ZoneInfoFile
Event: 0.383 loading class sun/util/calendar/ZoneInfoFile done
Event: 0.383 loading class sun/util/calendar/ZoneInfoFile$1
Event: 0.383 loading class sun/util/calendar/ZoneInfoFile$1 done
Event: 0.384 loading class java/io/DataInputStream
Event: 0.384 loading class java/io/DataInput
Event: 0.384 loading class java/io/DataInput done
Event: 0.384 loading class java/io/DataInputStream done


Dynamic libraries:
0x00007ff7a0e40000 - 0x00007ff7a0e77000 	C:\Program Files\Java\jdk1.8.0_101\bin\java.exe
0x00007ff816790000 - 0x00007ff816951000 	C:\WINDOWS\SYSTEM32\ntdll.dll
0x00007ff814840000 - 0x00007ff8148ed000 	C:\WINDOWS\system32\KERNEL32.DLL
0x00007ff813650000 - 0x00007ff813838000 	C:\WINDOWS\system32\KERNELBASE.dll
0x00007ff813bb0000 - 0x00007ff813c57000 	C:\WINDOWS\system32\ADVAPI32.dll
0x00007ff8163a0000 - 0x00007ff81643d000 	C:\WINDOWS\system32\msvcrt.dll
0x00007ff816450000 - 0x00007ff8164ab000 	C:\WINDOWS\system32\sechost.dll
0x00007ff813d30000 - 0x00007ff813e4c000 	C:\WINDOWS\system32\RPCRT4.dll
0x00007ff816170000 - 0x00007ff8162c6000 	C:\WINDOWS\system32\USER32.dll
0x00007ff816600000 - 0x00007ff816786000 	C:\WINDOWS\system32\GDI32.dll
0x00007ff803cb0000 - 0x00007ff803f24000 	C:\WINDOWS\WinSxS\amd64_microsoft.windows.common-controls_6595b64144ccf1df_6.0.10586.494_none_a2d8b04ea53e3145\COMCTL32.dll
0x00007ff8142d0000 - 0x00007ff81454d000 	C:\WINDOWS\system32\combase.dll
0x00007ff812e40000 - 0x00007ff812eaa000 	C:\WINDOWS\system32\bcryptPrimitives.dll
0x00007ff813e60000 - 0x00007ff813e9b000 	C:\WINDOWS\system32\IMM32.DLL
0x000000006f160000 - 0x000000006f232000 	C:\Program Files\Java\jdk1.8.0_101\jre\bin\msvcr100.dll
0x000000006f710000 - 0x000000006ffaa000 	C:\Program Files\Java\jdk1.8.0_101\jre\bin\server\jvm.dll
0x00007ff814660000 - 0x00007ff814668000 	C:\WINDOWS\system32\PSAPI.DLL
0x00007ff80f4a0000 - 0x00007ff80f4a9000 	C:\WINDOWS\SYSTEM32\WSOCK32.dll
0x00007ff8147d0000 - 0x00007ff81483b000 	C:\WINDOWS\system32\WS2_32.dll
0x00007ff8114b0000 - 0x00007ff8114d3000 	C:\WINDOWS\SYSTEM32\WINMM.dll
0x00007ff8049c0000 - 0x00007ff8049ca000 	C:\WINDOWS\SYSTEM32\VERSION.dll
0x00007ff811480000 - 0x00007ff8114ac000 	C:\WINDOWS\SYSTEM32\WINMMBASE.dll
0x00007ff813840000 - 0x00007ff813883000 	C:\WINDOWS\system32\cfgmgr32.dll
0x000000006f620000 - 0x000000006f62f000 	C:\Program Files\Java\jdk1.8.0_101\jre\bin\verify.dll
0x000000006f5f0000 - 0x000000006f619000 	C:\Program Files\Java\jdk1.8.0_101\jre\bin\java.dll
0x000000006f5d0000 - 0x000000006f5e6000 	C:\Program Files\Java\jdk1.8.0_101\jre\bin\zip.dll
0x00007ff814aa0000 - 0x00007ff815ffc000 	C:\WINDOWS\system32\SHELL32.dll
0x00007ff813000000 - 0x00007ff813645000 	C:\WINDOWS\system32\windows.storage.dll
0x00007ff816110000 - 0x00007ff816162000 	C:\WINDOWS\system32\shlwapi.dll
0x00007ff812e20000 - 0x00007ff812e2f000 	C:\WINDOWS\system32\kernel.appcore.dll
0x00007ff812f40000 - 0x00007ff812ff5000 	C:\WINDOWS\system32\shcore.dll
0x00007ff812db0000 - 0x00007ff812dfb000 	C:\WINDOWS\system32\powrprof.dll
0x00007ff812e00000 - 0x00007ff812e14000 	C:\WINDOWS\system32\profapi.dll

VM Arguments:
jvm_args: -Djava.awt.headless=true -Xmx1024M -Dfile.encoding=windows-1252 -Duser.country=GB -Duser.language=en -Duser.variant 
java_command: com.android.dx.command.Main --dex --force-jumbo --num-threads=4 --multi-dex --output C:\Users\Addison\AndroidStudioProjects\FoodFiles3\app\build\intermediates\transforms\dex\debug\folders\1000\10\com.android.support-support-compat-24.2.0_1eaa3f52534f8059fd52b6fd921f06730509e84b C:\Users\Addison\AndroidStudioProjects\FoodFiles3\app\build\intermediates\exploded-aar\com.android.support\support-compat\24.2.0\jars\classes.jar
java_class_path (initial): C:\Users\Addison\AppData\Local\Android\sdk\build-tools\23.0.3\lib\dx.jar
Launcher Type: SUN_STANDARD

Environment Variables:
PATH=C:\ProgramData\Oracle\Java\javapath;C:\Program Files (x86)\Intel\iCLS Client\;C:\Program Files\Intel\iCLS Client\;C:\WINDOWS\system32;C:\WINDOWS;C:\WINDOWS\System32\Wbem;C:\WINDOWS\System32\WindowsPowerShell\v1.0\;C:\Program Files (x86)\Intel\Intel(R) Management Engine Components\DAL;C:\Program Files\Intel\Intel(R) Management Engine Components\DAL;C:\Program Files (x86)\Intel\Intel(R) Management Engine Components\IPT;C:\Program Files\Intel\Intel(R) Management Engine Components\IPT;C:\Program Files\Intel\WiFi\bin\;C:\Program Files\Common Files\Intel\WirelessCommon\;C:\Program Files (x86)\Skype\Phone\;C:\Program Files\Java\jdk1.7.0_79\bin
USERNAME=Addison
OS=Windows_NT
PROCESSOR_IDENTIFIER=Intel64 Family 6 Model 78 Stepping 3, GenuineIntel



---------------  S Y S T E M  ---------------

OS: Windows 10.0 , 64 bit Build 10586 (10.0.10586.0)

CPU:total 4 (2 cores per cpu, 2 threads per core) family 6 model 78 stepping 3, cmov, cx8, fxsr, mmx, sse, sse2, sse3, ssse3, sse4.1, sse4.2, popcnt, avx, avx2, aes, clmul, erms, 3dnowpref, lzcnt, ht, tsc, tscinvbit, bmi1, bmi2, adx

Memory: 4k page, physical 8285268k(840496k free), swap 13982024k(5152k free)

vm_info: Java HotSpot(TM) 64-Bit Server VM (25.101-b13) for windows-amd64 JRE (1.8.0_101-b13), built on Jun 22 2016 01:21:29 by "java_re" with MS VC++ 10.0 (VS2010)

time: Tue Aug 30 13:08:55 2016
elapsed time: 0 seconds (0d 0h 0m 0s)

