#
# There is insufficient memory for the Java Runtime Environment to continue.
# Native memory allocation (malloc) failed to allocate 850256 bytes for Chunk::new
# Possible reasons:
#   The system is out of physical RAM or swap space
#   In 32 bit mode, the process size limit was hit
# Possible solutions:
#   Reduce memory load on the system
#   Increase physical memory or swap space
#   Check if swap backing store is full
#   Use 64 bit Java on a 64 bit OS
#   Decrease Java heap size (-Xmx/-Xms)
#   Decrease number of Java threads
#   Decrease Java thread stack sizes (-Xss)
#   Set larger code cache with -XX:ReservedCodeCacheSize=
# This output file may be truncated or incomplete.
#
#  Out of Memory Error (allocation.cpp:390), pid=5636, tid=0x000000000000312c
#
# JRE version: Java(TM) SE Runtime Environment (8.0_101-b13) (build 1.8.0_101-b13)
# Java VM: Java HotSpot(TM) 64-Bit Server VM (25.101-b13 mixed mode windows-amd64 compressed oops)
# Failed to write core dump. Minidumps are not enabled by default on client versions of Windows
#

---------------  T H R E A D  ---------------

Current thread (0x000000001502a800):  JavaThread "C2 CompilerThread0" daemon [_thread_in_native, id=12588, stack(0x0000000016660000,0x0000000016760000)]

Stack: [0x0000000016660000,0x0000000016760000]
[error occurred during error reporting (printing stack bounds), id 0xc0000005]

Native frames: (J=compiled Java code, j=interpreted, Vv=VM code, C=native code)


Current CompileTask:
C2:   4060 1715       4       com.android.dx.rop.code.LocalVariableExtractor::processBlock (327 bytes)


---------------  P R O C E S S  ---------------

Java Threads: ( => current thread )
  0x0000000016acf000 JavaThread "pool-2-thread-4" [_thread_blocked, id=11652, stack(0x0000000017360000,0x0000000017460000)]
  0x0000000016acd000 JavaThread "pool-2-thread-3" [_thread_blocked, id=9388, stack(0x0000000017260000,0x0000000017360000)]
  0x0000000016ac8000 JavaThread "pool-2-thread-2" [_thread_in_Java, id=3372, stack(0x0000000017160000,0x0000000017260000)]
  0x0000000016b2b800 JavaThread "pool-3-thread-1" [_thread_blocked, id=10480, stack(0x0000000017060000,0x0000000017160000)]
  0x0000000016b2a800 JavaThread "pool-2-thread-1" [_thread_blocked, id=5012, stack(0x0000000016f60000,0x0000000017060000)]
  0x0000000016895800 JavaThread "Service Thread" daemon [_thread_blocked, id=12800, stack(0x0000000016d60000,0x0000000016e60000)]
  0x0000000016860800 JavaThread "C1 CompilerThread2" daemon [_thread_blocked, id=6740, stack(0x0000000016c60000,0x0000000016d60000)]
  0x0000000015030000 JavaThread "C2 CompilerThread1" daemon [_thread_in_native, id=7340, stack(0x0000000016760000,0x0000000016860000)]
=>0x000000001502a800 JavaThread "C2 CompilerThread0" daemon [_thread_in_native, id=12588, stack(0x0000000016660000,0x0000000016760000)]
  0x0000000015029800 JavaThread "Attach Listener" daemon [_thread_blocked, id=9368, stack(0x0000000016560000,0x0000000016660000)]
  0x0000000015028000 JavaThread "Signal Dispatcher" daemon [_thread_blocked, id=10516, stack(0x0000000016460000,0x0000000016560000)]
  0x000000000295a000 JavaThread "Finalizer" daemon [_thread_blocked, id=10300, stack(0x0000000016280000,0x0000000016380000)]
  0x000000000294f800 JavaThread "Reference Handler" daemon [_thread_blocked, id=11568, stack(0x0000000016180000,0x0000000016280000)]
  0x0000000002861000 JavaThread "main" [_thread_in_Java, id=6420, stack(0x0000000002730000,0x0000000002830000)]

Other Threads:
  0x0000000014ff7800 VMThread [stack: 0x0000000016080000,0x0000000016180000] [id=12968]
  0x000000001689b000 WatcherThread [stack: 0x0000000016e60000,0x0000000016f60000] [id=9288]

VM state:not at safepoint (normal execution)

VM Mutex/Monitor currently owned by a thread: None

Heap:
 PSYoungGen      total 71680K, used 53289K [0x00000000eab00000, 0x00000000ef600000, 0x0000000100000000)
  eden space 66560K, 72% used [0x00000000eab00000,0x00000000eda0d2b8,0x00000000eec00000)
  from space 5120K, 99% used [0x00000000eec00000,0x00000000ef0fd490,0x00000000ef100000)
  to   space 5120K, 0% used [0x00000000ef100000,0x00000000ef100000,0x00000000ef600000)
 ParOldGen       total 87552K, used 14483K [0x00000000c0000000, 0x00000000c5580000, 0x00000000eab00000)
  object space 87552K, 16% used [0x00000000c0000000,0x00000000c0e24ef0,0x00000000c5580000)
 Metaspace       used 6378K, capacity 7192K, committed 7424K, reserved 1056768K
  class space    used 624K, capacity 656K, committed 768K, reserved 1048576K

Card table byte_map: [0x0000000011d20000,0x0000000011f30000] byte_map_base: 0x0000000011720000

Marking Bits: (ParMarkBitMap*) 0x000000006ff2a6d0
 Begin Bits: [0x0000000012490000, 0x0000000013490000)
 End Bits:   [0x0000000013490000, 0x0000000014490000)

Polling page: 0x0000000000f80000

CodeCache: size=245760Kb used=7419Kb max_used=7432Kb free=238340Kb
 bounds [0x0000000002960000, 0x00000000030b0000, 0x0000000011960000]
 total_blobs=1987 nmethods=1718 adapters=182
 compilation: enabled

Compilation events (10 events):
Event: 3.979 Thread 0x0000000016860800 1750       1       com.android.dx.ssa.PhiInsn::isPhiOrMove (2 bytes)
Event: 3.980 Thread 0x0000000016860800 nmethod 1750 0x00000000030a1910 code [0x00000000030a1a60, 0x00000000030a1b70]
Event: 3.980 Thread 0x0000000016860800 1751       2       com.android.dx.rop.cst.CstLiteral32::getLongBits (6 bytes)
Event: 3.980 Thread 0x0000000016860800 nmethod 1751 0x00000000030a15d0 code [0x00000000030a1720, 0x00000000030a1870]
Event: 4.017 Thread 0x0000000016860800 1756       2       java.util.Vector::grow (57 bytes)
Event: 4.017 Thread 0x0000000016860800 nmethod 1756 0x00000000030a1010 code [0x00000000030a1180, 0x00000000030a1418]
Event: 4.020 Thread 0x0000000016860800 1757       2       com.android.dx.util.ByteArray::getShort (25 bytes)
Event: 4.021 Thread 0x0000000016860800 nmethod 1757 0x00000000030a0b50 code [0x00000000030a0cc0, 0x00000000030a0ea8]
Event: 4.046 Thread 0x0000000016860800 1760       2       com.android.dx.ssa.DeadCodeRemover$NoSideEffectVisitor::visitMoveInsn (22 bytes)
Event: 4.047 Thread 0x0000000016860800 nmethod 1760 0x00000000030a0650 code [0x00000000030a07c0, 0x00000000030a09b8]

GC Heap History (6 events):
Event: 1.997 GC heap before
{Heap before GC invocations=1 (full 0):
 PSYoungGen      total 38400K, used 33280K [0x00000000eab00000, 0x00000000ed580000, 0x0000000100000000)
  eden space 33280K, 100% used [0x00000000eab00000,0x00000000ecb80000,0x00000000ecb80000)
  from space 5120K, 0% used [0x00000000ed080000,0x00000000ed080000,0x00000000ed580000)
  to   space 5120K, 0% used [0x00000000ecb80000,0x00000000ecb80000,0x00000000ed080000)
 ParOldGen       total 87552K, used 0K [0x00000000c0000000, 0x00000000c5580000, 0x00000000eab00000)
  object space 87552K, 0% used [0x00000000c0000000,0x00000000c0000000,0x00000000c5580000)
 Metaspace       used 6068K, capacity 6962K, committed 7040K, reserved 1056768K
  class space    used 599K, capacity 618K, committed 640K, reserved 1048576K
Event: 2.043 GC heap after
Heap after GC invocations=1 (full 0):
 PSYoungGen      total 38400K, used 5107K [0x00000000eab00000, 0x00000000ef600000, 0x0000000100000000)
  eden space 33280K, 0% used [0x00000000eab00000,0x00000000eab00000,0x00000000ecb80000)
  from space 5120K, 99% used [0x00000000ecb80000,0x00000000ed07ce80,0x00000000ed080000)
  to   space 5120K, 0% used [0x00000000ef100000,0x00000000ef100000,0x00000000ef600000)
 ParOldGen       total 87552K, used 873K [0x00000000c0000000, 0x00000000c5580000, 0x00000000eab00000)
  object space 87552K, 0% used [0x00000000c0000000,0x00000000c00da7d0,0x00000000c5580000)
 Metaspace       used 6068K, capacity 6962K, committed 7040K, reserved 1056768K
  class space    used 599K, capacity 618K, committed 640K, reserved 1048576K
}
Event: 3.110 GC heap before
{Heap before GC invocations=2 (full 0):
 PSYoungGen      total 38400K, used 38387K [0x00000000eab00000, 0x00000000ef600000, 0x0000000100000000)
  eden space 33280K, 100% used [0x00000000eab00000,0x00000000ecb80000,0x00000000ecb80000)
  from space 5120K, 99% used [0x00000000ecb80000,0x00000000ed07ce80,0x00000000ed080000)
  to   space 5120K, 0% used [0x00000000ef100000,0x00000000ef100000,0x00000000ef600000)
 ParOldGen       total 87552K, used 873K [0x00000000c0000000, 0x00000000c5580000, 0x00000000eab00000)
  object space 87552K, 0% used [0x00000000c0000000,0x00000000c00da7d0,0x00000000c5580000)
 Metaspace       used 6237K, capacity 7090K, committed 7296K, reserved 1056768K
  class space    used 603K, capacity 618K, committed 640K, reserved 1048576K
Event: 3.127 GC heap after
Heap after GC invocations=2 (full 0):
 PSYoungGen      total 71680K, used 5100K [0x00000000eab00000, 0x00000000ef600000, 0x0000000100000000)
  eden space 66560K, 0% used [0x00000000eab00000,0x00000000eab00000,0x00000000eec00000)
  from space 5120K, 99% used [0x00000000ef100000,0x00000000ef5fb1e0,0x00000000ef600000)
  to   space 5120K, 0% used [0x00000000eec00000,0x00000000eec00000,0x00000000ef100000)
 ParOldGen       total 87552K, used 5266K [0x00000000c0000000, 0x00000000c5580000, 0x00000000eab00000)
  object space 87552K, 6% used [0x00000000c0000000,0x00000000c0524b28,0x00000000c5580000)
 Metaspace       used 6237K, capacity 7090K, committed 7296K, reserved 1056768K
  class space    used 603K, capacity 618K, committed 640K, reserved 1048576K
}
Event: 3.730 GC heap before
{Heap before GC invocations=3 (full 0):
 PSYoungGen      total 71680K, used 71660K [0x00000000eab00000, 0x00000000ef600000, 0x0000000100000000)
  eden space 66560K, 100% used [0x00000000eab00000,0x00000000eec00000,0x00000000eec00000)
  from space 5120K, 99% used [0x00000000ef100000,0x00000000ef5fb1e0,0x00000000ef600000)
  to   space 5120K, 0% used [0x00000000eec00000,0x00000000eec00000,0x00000000ef100000)
 ParOldGen       total 87552K, used 5266K [0x00000000c0000000, 0x00000000c5580000, 0x00000000eab00000)
  object space 87552K, 6% used [0x00000000c0000000,0x00000000c0524b28,0x00000000c5580000)
 Metaspace       used 6355K, capacity 7128K, committed 7424K, reserved 1056768K
  class space    used 624K, capacity 656K, committed 768K, reserved 1048576K
Event: 3.760 GC heap after
Heap after GC invocations=3 (full 0):
 PSYoungGen      total 71680K, used 5109K [0x00000000eab00000, 0x00000000ef600000, 0x0000000100000000)
  eden space 66560K, 0% used [0x00000000eab00000,0x00000000eab00000,0x00000000eec00000)
  from space 5120K, 99% used [0x00000000eec00000,0x00000000ef0fd490,0x00000000ef100000)
  to   space 5120K, 0% used [0x00000000ef100000,0x00000000ef100000,0x00000000ef600000)
 ParOldGen       total 87552K, used 14483K [0x00000000c0000000, 0x00000000c5580000, 0x00000000eab00000)
  object space 87552K, 16% used [0x00000000c0000000,0x00000000c0e24ef0,0x00000000c5580000)
 Metaspace       used 6355K, capacity 7128K, committed 7424K, reserved 1056768K
  class space    used 624K, capacity 656K, committed 768K, reserved 1048576K
}

Deoptimization events (10 events):
Event: 3.566 Thread 0x0000000016ac8000 Uncommon trap: reason=unstable_if action=reinterpret pc=0x000000000302b32c method=java.util.HashMap.resize()[Ljava/util/HashMap$Node; @ 206
Event: 3.783 Thread 0x0000000016b2a800 Uncommon trap: reason=bimorphic action=maybe_recompile pc=0x0000000002ff69ec method=com.android.dx.ssa.LiteralOpUpgrader.tryReplacingWithConstant(Lcom/android/dx/ssa/NormalSsaInsn;)Z @ 52
Event: 3.876 Thread 0x0000000016b2a800 Uncommon trap: reason=bimorphic action=maybe_recompile pc=0x0000000002fda500 method=com.android.dx.ssa.LiteralOpUpgrader.tryReplacingWithConstant(Lcom/android/dx/ssa/NormalSsaInsn;)Z @ 52
Event: 3.910 Thread 0x0000000016ac8000 Uncommon trap: reason=class_check action=maybe_recompile pc=0x0000000003031604 method=com.android.dx.rop.code.RegisterSpec.withSimpleType()Lcom/android/dx/rop/code/RegisterSpec; @ 21
Event: 3.910 Thread 0x0000000016ac8000 Uncommon trap: reason=class_check action=maybe_recompile pc=0x0000000003031604 method=com.android.dx.rop.code.RegisterSpec.withSimpleType()Lcom/android/dx/rop/code/RegisterSpec; @ 21
Event: 3.970 Thread 0x0000000002861000 Uncommon trap: reason=class_check action=maybe_recompile pc=0x0000000003031604 method=com.android.dx.rop.code.RegisterSpec.withSimpleType()Lcom/android/dx/rop/code/RegisterSpec; @ 21
Event: 4.019 Thread 0x0000000002861000 Uncommon trap: reason=bimorphic action=maybe_recompile pc=0x00000000030788a0 method=com.android.dx.cf.code.BytecodeArray.parseInstruction(ILcom/android/dx/cf/code/BytecodeArray$Visitor;)I @ 2484
Event: 4.019 Thread 0x0000000002861000 Uncommon trap: reason=bimorphic action=maybe_recompile pc=0x00000000030788a0 method=com.android.dx.cf.code.BytecodeArray.parseInstruction(ILcom/android/dx/cf/code/BytecodeArray$Visitor;)I @ 2484
Event: 4.020 Thread 0x0000000002861000 Uncommon trap: reason=bimorphic action=maybe_recompile pc=0x00000000030788a0 method=com.android.dx.cf.code.BytecodeArray.parseInstruction(ILcom/android/dx/cf/code/BytecodeArray$Visitor;)I @ 2484
Event: 4.020 Thread 0x0000000002861000 Uncommon trap: reason=bimorphic action=maybe_recompile pc=0x00000000030788a0 method=com.android.dx.cf.code.BytecodeArray.parseInstruction(ILcom/android/dx/cf/code/BytecodeArray$Visitor;)I @ 2484

Internal exceptions (6 events):
Event: 0.086 Thread 0x0000000002861000 Exception <a 'java/lang/NoSuchMethodError': Method sun.misc.Unsafe.defineClass(Ljava/lang/String;[BII)Ljava/lang/Class; name or signature does not match> (0x00000000eab07cc0) thrown at [C:\re\workspace\8-2-build-windows-amd64-cygwin\jdk8u101\7261\hotspot\s×bŠ¶?
Event: 0.086 Thread 0x0000000002861000 Exception <a 'java/lang/NoSuchMethodError': Method sun.misc.Unsafe.prefetchRead(Ljava/lang/Object;J)V name or signature does not match> (0x00000000eab07fa8) thrown at [C:\re\workspace\8-2-build-windows-amd64-cygwin\jdk8u101\7261\hotspot\src\share\vm\prims\˜ ö¾ƒ¼ú?
Event: 1.671 Thread 0x0000000016ac8000 Implicit null exception at 0x0000000002c512d5 to 0x0000000002c5260d
Event: 3.152 Thread 0x0000000016acd000 Exception <a 'java/lang/ArrayIndexOutOfBoundsException': 18> (0x00000000eb239d30) thrown at [C:\re\workspace\8-2-build-windows-amd64-cygwin\jdk8u101\7261\hotspot\src\share\vm\interpreter\interpreterRuntime.cpp, line 366]
Event: 3.153 Thread 0x0000000016acd000 Exception <a 'java/lang/ArrayIndexOutOfBoundsException': 145> (0x00000000eb23b8b0) thrown at [C:\re\workspace\8-2-build-windows-amd64-cygwin\jdk8u101\7261\hotspot\src\share\vm\interpreter\interpreterRuntime.cpp, line 366]
Event: 3.154 Thread 0x0000000016acd000 Exception <a 'java/lang/ArrayIndexOutOfBoundsException'> (0x00000000eb23cb98) thrown at [C:\re\workspace\8-2-build-windows-amd64-cygwin\jdk8u101\7261\hotspot\src\share\vm\runtime\sharedRuntime.cpp, line 605]

Events (10 events):
Event: 4.019 Thread 0x0000000002861000 DEOPT UNPACKING pc=0x00000000029a582a sp=0x000000000282e0b8 mode 2
Event: 4.019 Thread 0x0000000002861000 Uncommon trap: trap_request=0xffffffc6 fr.pc=0x00000000030788a0
Event: 4.019 Thread 0x0000000002861000 DEOPT PACKING pc=0x00000000030788a0 sp=0x000000000282df70
Event: 4.019 Thread 0x0000000002861000 DEOPT UNPACKING pc=0x00000000029a582a sp=0x000000000282df18 mode 2
Event: 4.020 Thread 0x0000000002861000 Uncommon trap: trap_request=0xffffffc6 fr.pc=0x00000000030788a0
Event: 4.020 Thread 0x0000000002861000 DEOPT PACKING pc=0x00000000030788a0 sp=0x000000000282e110
Event: 4.020 Thread 0x0000000002861000 DEOPT UNPACKING pc=0x00000000029a582a sp=0x000000000282e0b8 mode 2
Event: 4.020 Thread 0x0000000002861000 Uncommon trap: trap_request=0xffffffc6 fr.pc=0x00000000030788a0
Event: 4.020 Thread 0x0000000002861000 DEOPT PACKING pc=0x00000000030788a0 sp=0x000000000282df70
Event: 4.020 Thread 0x0000000002861000 DEOPT UNPACKING pc=0x00000000029a582a sp=0x000000000282df18 mode 2


Dynamic libraries:
0x00007ff7a0e40000 - 0x00007ff7a0e77000 	C:\Program Files\Java\jdk1.8.0_101\bin\java.exe
0x00007ff816790000 - 0x00007ff816951000 	C:\WINDOWS\SYSTEM32\ntdll.dll
0x00007ff814840000 - 0x00007ff8148ed000 	C:\WINDOWS\system32\KERNEL32.DLL
0x00007ff813650000 - 0x00007ff813838000 	C:\WINDOWS\system32\KERNELBASE.dll
0x00007ff813bb0000 - 0x00007ff813c57000 	C:\WINDOWS\system32\ADVAPI32.dll
0x00007ff8163a0000 - 0x00007ff81643d000 	C:\WINDOWS\system32\msvcrt.dll
0x00007ff816450000 - 0x00007ff8164ab000 	C:\WINDOWS\system32\sechost.dll
0x00007ff813d30000 - 0x00007ff813e4c000 	C:\WINDOWS\system32\RPCRT4.dll
0x00007ff816170000 - 0x00007ff8162c6000 	C:\WINDOWS\system32\USER32.dll
0x00007ff816600000 - 0x00007ff816786000 	C:\WINDOWS\system32\GDI32.dll
0x00007ff803cb0000 - 0x00007ff803f24000 	C:\WINDOWS\WinSxS\amd64_microsoft.windows.common-controls_6595b64144ccf1df_6.0.10586.494_none_a2d8b04ea53e3145\COMCTL32.dll
0x00007ff8142d0000 - 0x00007ff81454d000 	C:\WINDOWS\system32\combase.dll
0x00007ff812e40000 - 0x00007ff812eaa000 	C:\WINDOWS\system32\bcryptPrimitives.dll
0x00007ff813e60000 - 0x00007ff813e9b000 	C:\WINDOWS\system32\IMM32.DLL
0x000000006f160000 - 0x000000006f232000 	C:\Program Files\Java\jdk1.8.0_101\jre\bin\msvcr100.dll
0x000000006f710000 - 0x000000006ffaa000 	C:\Program Files\Java\jdk1.8.0_101\jre\bin\server\jvm.dll
0x00007ff814660000 - 0x00007ff814668000 	C:\WINDOWS\system32\PSAPI.DLL
0x00007ff80f4a0000 - 0x00007ff80f4a9000 	C:\WINDOWS\SYSTEM32\WSOCK32.dll
0x00007ff8147d0000 - 0x00007ff81483b000 	C:\WINDOWS\system32\WS2_32.dll
0x00007ff8114b0000 - 0x00007ff8114d3000 	C:\WINDOWS\SYSTEM32\WINMM.dll
0x00007ff8049c0000 - 0x00007ff8049ca000 	C:\WINDOWS\SYSTEM32\VERSION.dll
0x00007ff811480000 - 0x00007ff8114ac000 	C:\WINDOWS\SYSTEM32\WINMMBASE.dll
0x00007ff813840000 - 0x00007ff813883000 	C:\WINDOWS\system32\cfgmgr32.dll
0x000000006f620000 - 0x000000006f62f000 	C:\Program Files\Java\jdk1.8.0_101\jre\bin\verify.dll
0x000000006f5f0000 - 0x000000006f619000 	C:\Program Files\Java\jdk1.8.0_101\jre\bin\java.dll
0x000000006f5d0000 - 0x000000006f5e6000 	C:\Program Files\Java\jdk1.8.0_101\jre\bin\zip.dll
0x00007ff814aa0000 - 0x00007ff815ffc000 	C:\WINDOWS\system32\SHELL32.dll
0x00007ff813000000 - 0x00007ff813645000 	C:\WINDOWS\system32\windows.storage.dll
0x00007ff816110000 - 0x00007ff816162000 	C:\WINDOWS\system32\shlwapi.dll
0x00007ff812e20000 - 0x00007ff812e2f000 	C:\WINDOWS\system32\kernel.appcore.dll
0x00007ff812f40000 - 0x00007ff812ff5000 	C:\WINDOWS\system32\shcore.dll
0x00007ff812db0000 - 0x00007ff812dfb000 	C:\WINDOWS\system32\powrprof.dll
0x00007ff812e00000 - 0x00007ff812e14000 	C:\WINDOWS\system32\profapi.dll

VM Arguments:
jvm_args: -Djava.awt.headless=true -Xmx1024M -Dfile.encoding=windows-1252 -Duser.country=GB -Duser.language=en -Duser.variant 
java_command: com.android.dx.command.Main --dex --force-jumbo --num-threads=4 --multi-dex --output C:\Users\Addison\AndroidStudioProjects\FoodFiles3\app\build\intermediates\transforms\dex\debug\folders\1000\10\com.android.support-recyclerview-v7-24.2.0_6527a46766298cb12ec0f0bdce1f756d8ae13b64 C:\Users\Addison\AndroidStudioProjects\FoodFiles3\app\build\intermediates\exploded-aar\com.android.support\recyclerview-v7\24.2.0\jars\classes.jar
java_class_path (initial): C:\Users\Addison\AppData\Local\Android\sdk\build-tools\23.0.3\lib\dx.jar
Launcher Type: SUN_STANDARD

Environment Variables:
PATH=C:\ProgramData\Oracle\Java\javapath;C:\Program Files (x86)\Intel\iCLS Client\;C:\Program Files\Intel\iCLS Client\;C:\WINDOWS\system32;C:\WINDOWS;C:\WINDOWS\System32\Wbem;C:\WINDOWS\System32\WindowsPowerShell\v1.0\;C:\Program Files (x86)\Intel\Intel(R) Management Engine Components\DAL;C:\Program Files\Intel\Intel(R) Management Engine Components\DAL;C:\Program Files (x86)\Intel\Intel(R) Management Engine Components\IPT;C:\Program Files\Intel\Intel(R) Management Engine Components\IPT;C:\Program Files\Intel\WiFi\bin\;C:\Program Files\Common Files\Intel\WirelessCommon\;C:\Program Files (x86)\Skype\Phone\;C:\Program Files\Java\jdk1.7.0_79\bin
USERNAME=Addison
OS=Windows_NT
PROCESSOR_IDENTIFIER=Intel64 Family 6 Model 78 Stepping 3, GenuineIntel



---------------  S Y S T E M  ---------------

OS: Windows 10.0 , 64 bit Build 10586 (10.0.10586.0)

CPU:total 4 (2 cores per cpu, 2 threads per core) family 6 model 78 stepping 3, cmov, cx8, fxsr, mmx, sse, sse2, sse3, ssse3, sse4.1, sse4.2, popcnt, avx, avx2, aes, clmul, erms, 3dnowpref, lzcnt, ht, tsc, tscinvbit, bmi1, bmi2, adx

Memory: 4k page, physical 8285268k(533868k free), swap 13982024k(5128k free)

vm_info: Java HotSpot(TM) 64-Bit Server VM (25.101-b13) for windows-amd64 JRE (1.8.0_101-b13), built on Jun 22 2016 01:21:29 by "java_re" with MS VC++ 10.0 (VS2010)

time: Tue Aug 30 13:13:11 2016
elapsed time: 4 seconds (0d 0h 0m 4s)

